2016-04-26 15:48:43,646 [1] INFO InstaFollow.Library.Container.InstagramInstagramHttpContainer - Logging in user machine86
2016-04-26 15:48:44,593 [1] INFO InstaFollow.Library.Container.InstagramInstagramHttpContainer - {"status":"ok","authenticated":true,"user":"machine86"}
2016-04-26 15:48:44,605 [6] INFO InstaFollow.Scenario.Strategy.ExploreStrategy - Working on keyword: görzke
2016-04-26 15:48:45,483 [6] INFO InstaFollow.Scenario.Strategy.ExploreStrategy - Working on image: BEl8Yr1mQdl
2016-04-26 15:48:45,864 [6] INFO InstaFollow.Scenario.Strategy.ExploreStrategy - Liking image id: 1235659251911296869
2016-04-26 15:49:09,699 [6] INFO InstaFollow.Scenario.Strategy.ExploreStrategy - Working on image: BEWkJaajjmP
2016-04-26 15:49:10,204 [6] INFO InstaFollow.Scenario.Strategy.ExploreStrategy - Liking image id: 1231330524644915599
2016-04-26 15:49:37,539 [6] INFO InstaFollow.Scenario.Strategy.ExploreStrategy - Working on image: BDwAnowBw1W
2016-04-26 15:49:37,890 [6] INFO InstaFollow.Scenario.Strategy.ExploreStrategy - Liking image id: 1220478222832438614
2016-04-26 15:50:01,718 [6] INFO InstaFollow.Scenario.Strategy.ExploreStrategy - Working on image: BDeVzWRGQaZ
2016-04-26 15:50:02,080 [6] INFO InstaFollow.Scenario.Strategy.ExploreStrategy - Following user id: 2265566600
2016-04-26 15:50:08,577 [6] INFO InstaFollow.Scenario.Strategy.ExploreStrategy - Liking image id: 1215504837015832217
2016-04-26 15:50:31,314 [6] INFO InstaFollow.Scenario.Strategy.ExploreStrategy - Working on image: BDdqq_YjFFi
2016-04-26 15:50:31,538 [6] INFO InstaFollow.Scenario.Strategy.ExploreStrategy - Liking image id: 1215315146688975202
2016-04-26 15:50:46,854 [6] INFO InstaFollow.Scenario.Strategy.ExploreStrategy - Working on image: BDbl3ibjjq5
2016-04-26 15:50:47,115 [6] INFO InstaFollow.Scenario.Strategy.ExploreStrategy - Liking image id: 1214731068768139961
2016-04-26 15:51:06,798 [6] INFO InstaFollow.Scenario.Strategy.ExploreStrategy - Working on image: BCYXqh4uCVT
2016-04-26 15:51:07,507 [6] INFO InstaFollow.Scenario.Strategy.ExploreStrategy - Following user id: 2264528592
2016-04-26 15:51:20,915 [6] INFO InstaFollow.Scenario.Strategy.ExploreStrategy - Liking image id: 1195809778739717459
2016-04-26 15:51:41,334 [6] INFO InstaFollow.Scenario.Strategy.ExploreStrategy - Working on image: BCDqRS6u2xB
2016-04-26 15:51:41,668 [6] INFO InstaFollow.Scenario.Strategy.ExploreStrategy - Liking image id: 1189980633053228097
2016-04-26 15:51:57,554 [6] INFO InstaFollow.Scenario.Strategy.ExploreStrategy - Working on image: BBnkFMSuCfp
2016-04-26 15:51:57,845 [6] INFO InstaFollow.Scenario.Strategy.ExploreStrategy - Liking image id: 1182072113678788585
2016-04-26 15:52:20,007 [6] INFO InstaFollow.Scenario.Strategy.ExploreStrategy - Working on image: BBiik-POCVz
2016-04-26 15:52:20,319 [6] INFO InstaFollow.Scenario.Strategy.ExploreStrategy - Liking image id: 1180658126634362227
2016-04-26 15:52:46,795 [6] INFO InstaFollow.Scenario.Strategy.ExploreStrategy - Working on image: BBcm8iuuCUV
2016-04-26 15:52:47,159 [6] INFO InstaFollow.Scenario.Strategy.ExploreStrategy - Liking image id: 1178988488691295509
2016-04-26 15:53:09,237 [6] INFO InstaFollow.Scenario.Strategy.ExploreStrategy - Working on image: BBaUAw2OCQB
2016-04-26 15:53:09,566 [6] INFO InstaFollow.Scenario.Strategy.ExploreStrategy - Liking image id: 1178342265890284545
2016-04-26 15:53:31,696 [6] INFO InstaFollow.Scenario.Strategy.ExploreStrategy - Working on image: BBFwPEggJGv
2016-04-26 15:53:32,001 [6] INFO InstaFollow.Scenario.Strategy.ExploreStrategy - Following user id: 2257230035
2016-04-26 15:53:44,693 [6] INFO InstaFollow.Scenario.Strategy.ExploreStrategy - Liking image id: 1172555419864830383
2016-04-26 15:54:05,297 [6] INFO InstaFollow.Scenario.Strategy.ExploreStrategy - Working on image: BBDS5OkOCQq
2016-04-26 15:54:05,665 [6] INFO InstaFollow.Scenario.Strategy.ExploreStrategy - Liking image id: 1171863425533879338
2016-04-26 15:54:30,741 [6] INFO InstaFollow.Scenario.Strategy.ExploreStrategy - Working on image: BBAddCGOCX-
2016-04-26 15:54:31,160 [6] INFO InstaFollow.Scenario.Strategy.ExploreStrategy - Liking image id: 1171065441581803006
2016-04-26 15:54:49,514 [6] INFO InstaFollow.Scenario.Strategy.ExploreStrategy - Working on image: BA9wa9cuCav
2016-04-26 15:54:49,941 [6] INFO InstaFollow.Scenario.Strategy.ExploreStrategy - Liking image id: 1170304437105206959
2016-04-26 15:55:04,881 [6] INFO InstaFollow.Scenario.Strategy.ExploreStrategy - Working on image: BA6wndnuCbu
2016-04-26 15:55:05,198 [6] INFO InstaFollow.Scenario.Strategy.ExploreStrategy - Liking image id: 1169460871353083630
2016-04-26 15:55:22,724 [6] INFO InstaFollow.Scenario.Strategy.ExploreStrategy - Working on image: BA4vZ_4uCYO
2016-04-26 15:55:23,041 [6] INFO InstaFollow.Scenario.Strategy.ExploreStrategy - Liking image id: 1168892598072911374
2016-04-26 15:55:37,871 [6] INFO InstaFollow.Scenario.Strategy.ExploreStrategy - Working on image: BAzITGAOCfI
2016-04-26 15:55:38,133 [6] INFO InstaFollow.Scenario.Strategy.ExploreStrategy - Liking image id: 1167313224907368392
2016-04-26 15:56:00,715 [6] INFO InstaFollow.Scenario.Strategy.ExploreStrategy - Working on image: 27CBeVEAsg
2016-04-26 15:56:01,586 [6] INFO InstaFollow.Scenario.Strategy.ExploreStrategy - Liking image id: 989393440516082464
2016-04-26 15:56:16,633 [6] INFO InstaFollow.Scenario.Strategy.ExploreStrategy - Working on image: 1ks9K5ywVJ
2016-04-26 15:56:16,889 [6] INFO InstaFollow.Scenario.Strategy.ExploreStrategy - Liking image id: 965093937805722953
2016-04-26 15:56:34,080 [6] INFO InstaFollow.Scenario.Strategy.ExploreStrategy - Working on image: 0s0-mEOywj
2016-04-26 15:56:34,393 [6] INFO InstaFollow.Scenario.Strategy.ExploreStrategy - Liking image id: 949366621367643171
2016-04-26 15:56:48,035 [6] INFO InstaFollow.Scenario.Strategy.ExploreStrategy - Working on image: z-8wn5EAtO
2016-04-26 15:56:48,339 [6] INFO InstaFollow.Scenario.Strategy.ExploreStrategy - Liking image id: 936452996698475342
2016-04-26 15:57:05,172 [6] INFO InstaFollow.Scenario.Strategy.ExploreStrategy - Working on image: w03NicvTo3
2016-04-26 15:57:05,607 [6] INFO InstaFollow.Scenario.Strategy.ExploreStrategy - Following user id: 25838917
2016-04-26 15:57:12,649 [6] INFO InstaFollow.Scenario.Strategy.ExploreStrategy - Liking image id: 879570650144782903
2016-04-26 15:57:44,733 [6] INFO InstaFollow.Scenario.Strategy.ExploreStrategy - Working on image: s7XpQZyFHt
2016-04-26 15:57:45,058 [6] INFO InstaFollow.Scenario.Strategy.ExploreStrategy - Liking image id: 809344548223865325
2016-04-26 15:57:59,397 [6] INFO InstaFollow.Scenario.Strategy.ExploreStrategy - Working on image: sWmka8xfW_
2016-04-26 15:57:59,784 [6] INFO InstaFollow.Scenario.Strategy.ExploreStrategy - Liking image id: 798995612510320063
2016-04-26 15:58:20,583 [6] INFO InstaFollow.Scenario.Strategy.ExploreStrategy - Working on image: sTAW-pvThn
2016-04-26 15:58:21,001 [6] INFO InstaFollow.Scenario.Strategy.ExploreStrategy - Liking image id: 797983138075457639
2016-04-26 15:58:38,060 [6] INFO InstaFollow.Scenario.Strategy.ExploreStrategy - Working on image: sS-PzQvTuU
2016-04-26 15:58:38,618 [6] INFO InstaFollow.Scenario.Strategy.ExploreStrategy - Liking image id: 797973848715508628
2016-04-26 15:58:58,210 [6] INFO InstaFollow.Scenario.Strategy.ExploreStrategy - Working on image: qmi1rvimXo
2016-04-26 15:59:06,428 [6] INFO InstaFollow.Scenario.Strategy.ExploreStrategy - Working on image: nQU6_timZX
2016-04-26 15:59:07,413 [6] INFO InstaFollow.Scenario.Strategy.ExploreStrategy - Following user id: 45910664
2016-04-26 15:59:27,719 [6] INFO InstaFollow.Scenario.Strategy.ExploreStrategy - Working on image: nD_5-dS9Tj
2016-04-26 15:59:28,370 [6] INFO InstaFollow.Scenario.Strategy.ExploreStrategy - Following user id: 809364852
2016-04-26 15:59:55,366 [6] INFO InstaFollow.Scenario.Strategy.ExploreStrategy - Working on image: nD_c17y9Sh
2016-04-26 16:00:08,141 [6] INFO InstaFollow.Scenario.Strategy.ExploreStrategy - Working on image: nBBEkUCmX8
2016-04-26 16:00:08,719 [6] INFO InstaFollow.Scenario.Strategy.ExploreStrategy - Following user id: 45910664
2016-04-26 16:00:30,043 [6] INFO InstaFollow.Scenario.Strategy.ExploreStrategy - Working on image: nA5qHAFPMx
2016-04-26 16:00:30,379 [6] INFO InstaFollow.Scenario.Strategy.ExploreStrategy - Following user id: 323186339
2016-04-26 16:00:50,188 [6] INFO InstaFollow.Scenario.Strategy.ExploreStrategy - Working on image: kFS-3GS9Qo
2016-04-26 16:00:50,487 [6] INFO InstaFollow.Scenario.Strategy.ExploreStrategy - Liking image id: 650009205831095336
2016-04-26 16:01:11,505 [6] INFO InstaFollow.Scenario.Strategy.ExploreStrategy - Working on image: gflzMGt0IH
2016-04-26 16:01:11,805 [6] INFO InstaFollow.Scenario.Strategy.ExploreStrategy - Following user id: 311963535
2016-04-26 16:01:22,888 [6] INFO InstaFollow.Scenario.Strategy.ExploreStrategy - Liking image id: 585352721993253383
2016-04-26 16:11:59,882 [1] INFO InstaFollow.Library.Container.InstagramInstagramHttpContainer - Logging in user machine86
2016-04-26 16:12:01,378 [1] INFO InstaFollow.Library.Container.InstagramInstagramHttpContainer - {"status":"ok","authenticated":true}
2016-04-26 16:12:01,379 [12] INFO InstaFollow.Scenario.Strategy.ExploreStrategy - Working on keyword: reppinichen
2016-04-26 16:12:01,722 [12] INFO InstaFollow.Scenario.Strategy.ExploreStrategy - Working on image: 9uuYSfrjAN
2016-04-26 16:12:01,948 [12] INFO InstaFollow.Scenario.Strategy.ExploreStrategy - Following user id: 423247955
2016-04-26 16:12:14,972 [12] INFO InstaFollow.Scenario.Strategy.ExploreStrategy - Liking image id: 1112030137272905741
2016-04-26 16:12:39,870 [12] INFO InstaFollow.Scenario.Strategy.ExploreStrategy - Working on image: qjuOA0CmbH
2016-04-26 16:14:39,838 [1] INFO InstaFollow.Library.Container.InstagramInstagramHttpContainer - Logging in user machine86
2016-04-26 16:14:41,456 [1] INFO InstaFollow.Library.Container.InstagramInstagramHttpContainer - {"status":"ok","authenticated":true}
2016-04-26 16:14:41,457 [5] INFO InstaFollow.Scenario.Strategy.ExploreStrategy - Working on keyword: reppinichen
2016-04-26 16:14:41,785 [5] INFO InstaFollow.Scenario.Strategy.ExploreStrategy - Working on image: 9uuYSfrjAN
2016-04-26 16:14:42,136 [5] INFO InstaFollow.Scenario.Strategy.ExploreStrategy - Commenting image id: 1112030137272905741
2016-04-26 16:15:03,235 [5] INFO InstaFollow.Scenario.Strategy.ExploreStrategy - Working on image: qjuOA0CmbH
2016-04-26 16:15:03,498 [5] INFO InstaFollow.Scenario.Strategy.ExploreStrategy - Following user id: 45910664
2016-04-27 10:05:50,625 [9] INFO InstaFollow.Library.Container.InstagramInstagramHttpContainer - Logging in user machine86
2016-04-27 10:05:51,806 [9] INFO InstaFollow.Library.Container.InstagramInstagramHttpContainer - {"status":"ok","authenticated":true,"user":"machine86"}
2016-04-27 10:05:51,820 [14] INFO InstaFollow.Scenario.Strategy.ExploreStrategy - Working on keyword: instagrambot
2016-04-27 10:05:52,777 [14] INFO InstaFollow.Scenario.Strategy.ExploreStrategy - Working on image: BEqexFJoz35
2016-04-27 10:06:08,187 [14] INFO InstaFollow.Scenario.Strategy.ExploreStrategy - Working on image: BEn4su4MRlR
2016-04-27 10:06:08,968 [14] INFO InstaFollow.Scenario.Strategy.ExploreStrategy - Liking image id: 1236205987332954449
2016-04-27 10:06:30,650 [14] INFO InstaFollow.Scenario.Strategy.ExploreStrategy - Working on image: BEmKXs2DQ_b
2016-04-27 10:06:31,080 [14] INFO InstaFollow.Scenario.Strategy.ExploreStrategy - Following user id: 1385270834
2016-04-27 10:06:39,341 [14] INFO InstaFollow.Scenario.Strategy.ExploreStrategy - Liking image id: 1235720756924321755
2016-04-27 10:07:00,594 [14] INFO InstaFollow.Scenario.Strategy.ExploreStrategy - Working on image: BEfkJyqOVrR
2016-04-27 10:07:01,010 [14] INFO InstaFollow.Scenario.Strategy.ExploreStrategy - Following user id: 3080508669
2016-04-27 10:07:08,047 [14] INFO InstaFollow.Scenario.Strategy.ExploreStrategy - Liking image id: 1233863825467988689
2016-04-27 10:07:28,393 [14] INFO InstaFollow.Scenario.Strategy.ExploreStrategy - Working on image: BEZWnF6KSy4
2016-04-27 10:07:28,701 [14] INFO InstaFollow.Scenario.Strategy.ExploreStrategy - Liking image id: 1232115416489864376
2016-04-27 10:07:51,884 [14] INFO InstaFollow.Scenario.Strategy.ExploreStrategy - Working on image: BEYNW-ZKS6k
2016-04-27 10:07:52,311 [14] INFO InstaFollow.Scenario.Strategy.ExploreStrategy - Following user id: 3507634
2016-04-27 10:08:03,448 [14] INFO InstaFollow.Scenario.Strategy.ExploreStrategy - Liking image id: 1231793251513085604
2016-04-27 10:08:24,638 [14] INFO InstaFollow.Scenario.Strategy.ExploreStrategy - Working on image: BEYM3-9KS5p
2016-04-27 10:08:25,009 [14] INFO InstaFollow.Scenario.Strategy.ExploreStrategy - Liking image id: 1231791121813286505
2016-04-27 10:08:51,222 [14] INFO InstaFollow.Scenario.Strategy.ExploreStrategy - Working on image: BEYMccGqS5F
2016-04-27 10:08:51,561 [14] INFO InstaFollow.Scenario.Strategy.ExploreStrategy - Liking image id: 1231789228965834309
2016-04-27 10:09:03,129 [9] INFO InstaFollow.Library.Container.InstagramInstagramHttpContainer - Logging in user machine86
2016-04-27 10:09:04,653 [9] INFO InstaFollow.Library.Container.InstagramInstagramHttpContainer - {"status":"ok","authenticated":true}
2016-04-27 10:09:04,654 [10] INFO InstaFollow.Scenario.Strategy.ExploreStrategy - Working on keyword: comegu
2016-04-27 10:09:05,111 [10] INFO InstaFollow.Scenario.Strategy.ExploreStrategy - Working on image: moHxuZrcC8
2016-04-27 10:09:05,900 [10] INFO InstaFollow.Scenario.Strategy.ExploreStrategy - Following user id: 801837927
2016-04-27 10:09:14,830 [14] INFO InstaFollow.Scenario.Strategy.ExploreStrategy - Working on image: BEYLfoOKS33
2016-04-27 10:09:15,169 [14] INFO InstaFollow.Scenario.Strategy.ExploreStrategy - Liking image id: 1231785050088484343
2016-04-27 10:09:19,239 [10] INFO InstaFollow.Scenario.Strategy.ExploreStrategy - Liking image id: 695840345831620796
2016-04-27 10:09:43,203 [14] INFO InstaFollow.Scenario.Strategy.ExploreStrategy - Working on image: BEYLw5RqS4O
2016-04-27 10:09:43,508 [14] INFO InstaFollow.Scenario.Strategy.ExploreStrategy - Liking image id: 1231786236631920142
2016-04-27 10:10:04,678 [14] INFO InstaFollow.Scenario.Strategy.ExploreStrategy - Working on image: BEWh3yFzeIZ
2016-04-27 10:10:05,008 [14] INFO InstaFollow.Scenario.Strategy.ExploreStrategy - Liking image id: 1231320517022966297
2016-04-27 10:11:44,224 [1] INFO InstaFollow.Library.Container.InstagramInstagramHttpContainer - Logging in user machine86
2016-04-27 10:11:45,498 [1] INFO InstaFollow.Library.Container.InstagramInstagramHttpContainer - {"status":"ok","authenticated":true,"user":"machine86"}
2016-04-27 10:11:45,511 [6] INFO InstaFollow.Scenario.Strategy.ExploreStrategy - Working on keyword: comegu
2016-04-27 10:11:46,052 [6] INFO InstaFollow.Scenario.Strategy.ExploreStrategy - Working on image: moHxuZrcC8
2016-04-27 10:15:55,149 [1] INFO InstaFollow.Library.Container.InstagramInstagramHttpContainer - Logging in user machine86
2016-04-27 10:15:56,725 [1] INFO InstaFollow.Library.Container.InstagramInstagramHttpContainer - {"status":"ok","authenticated":true,"user":"machine86"}
2016-04-27 10:15:56,737 [6] INFO InstaFollow.Scenario.Strategy.ExploreStrategy - Working on keyword: brandenburghavel
2016-04-27 10:15:56,737 [6] INFO InstaFollow.Scenario.Strategy.ExploreStrategy - Stop request.
2016-04-27 10:16:58,621 [1] INFO InstaFollow.Library.Container.InstagramInstagramHttpContainer - Logging in user machine86
2016-04-27 10:17:00,239 [1] INFO InstaFollow.Library.Container.InstagramInstagramHttpContainer - {"status":"ok","authenticated":true}
2016-04-27 10:17:00,240 [8] INFO InstaFollow.Scenario.Strategy.ExploreStrategy - Working on keyword: brandenburghavel
2016-04-27 10:17:01,003 [8] INFO InstaFollow.Scenario.Strategy.ExploreStrategy - Working on image: BEMRORQpmus
2016-04-27 10:17:01,371 [8] INFO InstaFollow.Scenario.Strategy.ExploreStrategy - Liking image id: 1228432545761618860
2016-04-27 10:17:18,982 [8] INFO InstaFollow.Scenario.Strategy.ExploreStrategy - Working on image: BEqJbfYO4zn
2016-04-27 10:17:19,334 [8] INFO InstaFollow.Scenario.Strategy.ExploreStrategy - Liking image id: 1236842519203646695
2016-04-27 10:17:35,323 [8] INFO InstaFollow.Scenario.Strategy.ExploreStrategy - Working on image: BEptZGNJmjX
2016-04-27 10:17:35,585 [8] INFO InstaFollow.Scenario.Strategy.ExploreStrategy - Following user id: 3041297457
2016-04-27 10:17:47,332 [8] INFO InstaFollow.Scenario.Strategy.ExploreStrategy - Liking image id: 1236719209432901847
2016-04-27 10:18:10,276 [8] INFO InstaFollow.Scenario.Strategy.ExploreStrategy - Working on image: BEooei7u40f
2016-04-27 10:18:10,526 [8] INFO InstaFollow.Scenario.Strategy.ExploreStrategy - Liking image id: 1236416118667316511
2016-04-27 10:18:32,893 [8] INFO InstaFollow.Scenario.Strategy.ExploreStrategy - Working on image: BEoQtRbrnUk
2016-04-27 10:18:33,215 [8] INFO InstaFollow.Scenario.Strategy.ExploreStrategy - Liking image id: 1236311577551861028
2016-04-27 10:18:52,214 [8] INFO InstaFollow.Scenario.Strategy.ExploreStrategy - Working on image: BEn1ilvrnYq
2016-04-27 10:18:52,561 [8] INFO InstaFollow.Scenario.Strategy.ExploreStrategy - Liking image id: 1236192096192198186
2016-04-27 10:19:08,498 [8] INFO InstaFollow.Scenario.Strategy.ExploreStrategy - Working on image: BEnOGUtpmvV
2016-04-27 10:19:08,805 [8] INFO InstaFollow.Scenario.Strategy.ExploreStrategy - Liking image id: 1236018629945224149
2016-04-27 10:19:36,198 [8] INFO InstaFollow.Scenario.Strategy.ExploreStrategy - Working on image: BEl5VwdLne5
2016-04-27 10:19:36,623 [8] INFO InstaFollow.Scenario.Strategy.ExploreStrategy - Liking image id: 1235645856572405689
2016-04-27 10:19:58,298 [8] INFO InstaFollow.Scenario.Strategy.ExploreStrategy - Working on image: BElPp0zLnQL
2016-04-27 10:19:58,552 [8] INFO InstaFollow.Scenario.Strategy.ExploreStrategy - Liking image id: 1235462517672539147
2016-04-27 10:20:25,651 [8] INFO InstaFollow.Scenario.Strategy.ExploreStrategy - Working on image: BEjH_gHLnVO
2016-04-27 10:20:25,988 [8] INFO InstaFollow.Scenario.Strategy.ExploreStrategy - Liking image id: 1234865872962483534
2016-04-27 10:20:53,529 [8] INFO InstaFollow.Scenario.Strategy.ExploreStrategy - Working on image: BEg4WyPrnau
2016-04-27 10:20:53,915 [8] INFO InstaFollow.Scenario.Strategy.ExploreStrategy - Following user id: 1180272972
2016-04-27 10:21:03,947 [8] INFO InstaFollow.Scenario.Strategy.ExploreStrategy - Liking image id: 1234234154282809006
2016-04-27 10:21:22,297 [8] INFO InstaFollow.Scenario.Strategy.ExploreStrategy - Working on image: BEgtr5bLnRN
2016-04-27 10:21:22,519 [8] INFO InstaFollow.Scenario.Strategy.ExploreStrategy - Liking image id: 1234187226589328461
2016-04-27 10:21:46,876 [8] INFO InstaFollow.Scenario.Strategy.ExploreStrategy - Working on image: BEgjZStrnZA
2016-04-27 10:21:47,774 [8] INFO InstaFollow.Scenario.Strategy.ExploreStrategy - Liking image id: 1234141967608084032
2016-04-27 10:22:10,123 [8] INFO InstaFollow.Scenario.Strategy.ExploreStrategy - Working on image: BEgeo4cw109
2016-04-27 10:22:10,502 [8] INFO InstaFollow.Scenario.Strategy.ExploreStrategy - Liking image id: 1234121048686026045
2016-04-27 10:22:37,331 [8] INFO InstaFollow.Scenario.Strategy.ExploreStrategy - Working on image: BEfjBoOO42L
2016-04-27 10:22:37,784 [8] INFO InstaFollow.Scenario.Strategy.ExploreStrategy - Following user id: 19238810
2016-04-27 10:22:44,188 [8] INFO InstaFollow.Scenario.Strategy.ExploreStrategy - Liking image id: 1233858866458627467
2016-04-27 10:23:05,075 [8] INFO InstaFollow.Scenario.Strategy.ExploreStrategy - Working on image: BEeZGDCLnZi
2016-04-27 10:23:05,324 [8] INFO InstaFollow.Scenario.Strategy.ExploreStrategy - Liking image id: 1233533714683557474
2016-04-27 10:23:24,691 [8] INFO InstaFollow.Scenario.Strategy.ExploreStrategy - Working on image: BEeOkYrrnS5
2016-04-27 10:23:25,713 [8] INFO InstaFollow.Scenario.Strategy.ExploreStrategy - Liking image id: 1233487421001069753
2016-04-27 10:23:48,104 [8] INFO InstaFollow.Scenario.Strategy.ExploreStrategy - Working on image: BEeLKyEu4wT
2016-04-27 10:23:48,513 [8] INFO InstaFollow.Scenario.Strategy.ExploreStrategy - Liking image id: 1233472467418975251
2016-04-27 10:24:13,199 [8] INFO InstaFollow.Scenario.Strategy.ExploreStrategy - Working on image: BEeKVI9O4-a
2016-04-27 10:24:13,453 [8] INFO InstaFollow.Scenario.Strategy.ExploreStrategy - Liking image id: 1233468781137465242
2016-04-27 10:24:33,016 [8] INFO InstaFollow.Scenario.Strategy.ExploreStrategy - Working on image: BEWWFKQGHFU
2016-04-27 10:24:33,387 [8] INFO InstaFollow.Scenario.Strategy.ExploreStrategy - Liking image id: 1231268659760492884
2016-04-27 10:24:58,240 [8] INFO InstaFollow.Scenario.Strategy.ExploreStrategy - Working on image: BET48fBBgxP
2016-04-27 10:24:58,480 [8] INFO InstaFollow.Scenario.Strategy.ExploreStrategy - Liking image id: 1230577570278673487
2016-04-27 10:25:20,168 [8] INFO InstaFollow.Scenario.Strategy.ExploreStrategy - Working on image: BET4boEBg_2
2016-04-27 10:25:20,450 [8] INFO InstaFollow.Scenario.Strategy.ExploreStrategy - Following user id: 1744765386
2016-04-27 10:25:29,107 [8] INFO InstaFollow.Scenario.Strategy.ExploreStrategy - Liking image id: 1230575312249950198
2016-04-27 10:25:47,672 [8] INFO InstaFollow.Scenario.Strategy.ExploreStrategy - Working on image: BESsVikSqWN
2016-04-27 10:25:47,912 [8] INFO InstaFollow.Scenario.Strategy.ExploreStrategy - Liking image id: 1230240642497160589
2016-04-27 10:26:21,779 [8] INFO InstaFollow.Scenario.Strategy.ExploreStrategy - Working on image: BESsCFnSqVk
2016-04-27 10:26:22,012 [8] INFO InstaFollow.Scenario.Strategy.ExploreStrategy - Liking image id: 1230239305738921316
2016-04-27 10:26:42,539 [8] INFO InstaFollow.Scenario.Strategy.ExploreStrategy - Working on image: BERCX4iGHDi
2016-04-27 10:26:42,748 [8] INFO InstaFollow.Scenario.Strategy.ExploreStrategy - Following user id: 1834241563
2016-04-27 10:26:51,440 [8] INFO InstaFollow.Scenario.Strategy.ExploreStrategy - Liking image id: 1229774610591412450
2016-04-27 10:27:17,102 [8] INFO InstaFollow.Scenario.Strategy.ExploreStrategy - Working on image: BEPS2tRBg4J
2016-04-27 10:27:17,366 [8] INFO InstaFollow.Scenario.Strategy.ExploreStrategy - Liking image id: 1229284147588369929
2016-04-27 10:27:37,003 [8] INFO InstaFollow.Scenario.Strategy.ExploreStrategy - Working on image: BEJgezPLGts
2016-04-27 10:27:37,216 [8] INFO InstaFollow.Scenario.Strategy.ExploreStrategy - Liking image id: 1227655227523230572
2016-04-27 10:28:00,959 [8] INFO InstaFollow.Scenario.Strategy.ExploreStrategy - Working on image: BEB4hGPmHA7
2016-04-27 10:28:01,245 [8] INFO InstaFollow.Scenario.Strategy.ExploreStrategy - Liking image id: 1225509138672939067
2016-04-27 10:28:20,003 [8] INFO InstaFollow.Scenario.Strategy.ExploreStrategy - Working on image: BD9ETechg0R
2016-04-27 10:28:20,312 [8] INFO InstaFollow.Scenario.Strategy.ExploreStrategy - Liking image id: 1224153604261547281
2016-04-27 10:28:45,059 [8] INFO InstaFollow.Scenario.Strategy.ExploreStrategy - Working on image: BD9EJqcBgz8
2016-04-27 10:28:45,300 [8] INFO InstaFollow.Scenario.Strategy.ExploreStrategy - Liking image id: 1224152929943293180
2016-04-27 10:29:08,975 [8] INFO InstaFollow.Scenario.Strategy.ExploreStrategy - Working on image: BD8qHvVnU5j
2016-04-27 10:29:09,206 [8] INFO InstaFollow.Scenario.Strategy.ExploreStrategy - Liking image id: 1224038448556232291
2016-04-27 10:29:31,665 [8] INFO InstaFollow.Scenario.Strategy.ExploreStrategy - Working on image: 7yHcamzUKV
2016-04-27 10:29:32,128 [8] INFO InstaFollow.Scenario.Strategy.ExploreStrategy - Liking image id: 1076955999934169749
2016-04-27 10:29:58,164 [8] INFO InstaFollow.Scenario.Strategy.ExploreStrategy - Working on image: BDxha_tNrIA
2016-04-27 10:29:58,791 [8] INFO InstaFollow.Scenario.Strategy.ExploreStrategy - Liking image id: 1220903964639670784
2016-04-27 10:30:18,161 [8] INFO InstaFollow.Scenario.Strategy.ExploreStrategy - Working on image: BC7omXNQ12z
2016-04-27 10:30:18,458 [8] INFO InstaFollow.Scenario.Strategy.ExploreStrategy - Following user id: 1392014310
2016-04-27 10:30:29,854 [8] INFO InstaFollow.Scenario.Strategy.ExploreStrategy - Liking image id: 1205735883370880435
2016-04-27 10:30:57,284 [8] INFO InstaFollow.Scenario.Strategy.ExploreStrategy - Working on image: BCz90-jQ143
2016-04-27 10:30:57,509 [8] INFO InstaFollow.Scenario.Strategy.ExploreStrategy - Liking image id: 1203577446851632695
2016-04-27 10:31:34,552 [8] INFO InstaFollow.Scenario.Strategy.ExploreStrategy - Working on image: BCs_svGhg60
2016-04-27 10:31:34,858 [8] INFO InstaFollow.Scenario.Strategy.ExploreStrategy - Liking image id: 1201615351763570356
2016-04-27 10:32:02,506 [8] INFO InstaFollow.Scenario.Strategy.ExploreStrategy - Working on image: BCVi3sBE07P
2016-04-27 10:32:02,800 [8] INFO InstaFollow.Scenario.Strategy.ExploreStrategy - Liking image id: 1195014636552015567
2016-04-27 10:32:22,782 [8] INFO InstaFollow.Scenario.Strategy.ExploreStrategy - Working on image: BCPxYVJyngh
2016-04-27 10:32:23,145 [8] INFO InstaFollow.Scenario.Strategy.ExploreStrategy - Liking image id: 1193389602535798817
2016-04-27 10:32:41,512 [8] INFO InstaFollow.Scenario.Strategy.ExploreStrategy - Working on image: BCPlFADSngr
2016-04-27 10:32:41,845 [8] INFO InstaFollow.Scenario.Strategy.ExploreStrategy - Following user id: 2257804765
2016-04-27 10:32:49,461 [8] INFO InstaFollow.Scenario.Strategy.ExploreStrategy - Liking image id: 1193335497649977387
2016-04-27 10:33:07,701 [8] INFO InstaFollow.Scenario.Strategy.ExploreStrategy - Working on image: BCPkzKIyngb
2016-04-27 10:33:07,981 [8] INFO InstaFollow.Scenario.Strategy.ExploreStrategy - Liking image id: 1193334271529089051
2016-04-27 10:33:25,493 [8] INFO InstaFollow.Scenario.Strategy.ExploreStrategy - Working on image: BCPkcscSngG
2016-04-27 10:33:25,759 [8] INFO InstaFollow.Scenario.Strategy.ExploreStrategy - Liking image id: 1193332727815501830
2016-04-27 10:33:44,508 [8] INFO InstaFollow.Scenario.Strategy.ExploreStrategy - Working on image: BCEyOoUhgzZ
2016-04-27 10:33:44,773 [8] INFO InstaFollow.Scenario.Strategy.ExploreStrategy - Liking image id: 1190297109224885465
2016-04-27 10:34:07,629 [8] INFO InstaFollow.Scenario.Strategy.ExploreStrategy - Working on image: BCEx__mBgzD
2016-04-27 10:34:07,873 [8] INFO InstaFollow.Scenario.Strategy.ExploreStrategy - Liking image id: 1190296103422397635
2016-04-27 10:34:25,067 [8] INFO InstaFollow.Scenario.Strategy.ExploreStrategy - Working on image: BCCm3JayJvI
2016-04-27 10:34:25,297 [8] INFO InstaFollow.Scenario.Strategy.ExploreStrategy - Liking image id: 1189684167030905800
2016-04-27 10:34:49,928 [8] INFO InstaFollow.Scenario.Strategy.ExploreStrategy - Working on image: BB0Y-DUIj4A
2016-04-27 10:34:50,184 [8] INFO InstaFollow.Scenario.Strategy.ExploreStrategy - Liking image id: 1185682419188121088
2016-04-27 10:35:02,610 [8] INFO InstaFollow.Scenario.Strategy.ExploreStrategy - Working on image: BBuvbj0KHcb
2016-04-27 10:35:02,875 [8] INFO InstaFollow.Scenario.Strategy.ExploreStrategy - Liking image id: 1184092354112943899
2016-04-27 10:35:25,929 [8] INFO InstaFollow.Scenario.Strategy.ExploreStrategy - Working on image: BBpWqVMI0ci
2016-04-27 10:35:26,244 [8] INFO InstaFollow.Scenario.Strategy.ExploreStrategy - Following user id: 2670887256
2016-04-27 10:35:37,463 [8] INFO InstaFollow.Scenario.Strategy.ExploreStrategy - Liking image id: 1182576043154949922
2016-04-27 10:36:03,450 [8] INFO InstaFollow.Scenario.Strategy.ExploreStrategy - Working on image: BBpSuOmo0VP
2016-04-27 10:36:03,834 [8] INFO InstaFollow.Scenario.Strategy.ExploreStrategy - Liking image id: 1182558718775215439
2016-04-27 10:36:23,443 [8] INFO InstaFollow.Scenario.Strategy.ExploreStrategy - Working on image: BBH9lHIsmC2
2016-04-27 10:36:23,906 [8] INFO InstaFollow.Scenario.Strategy.ExploreStrategy - Liking image id: 1173177059073220790
2016-04-27 10:36:43,288 [8] INFO InstaFollow.Scenario.Strategy.ExploreStrategy - Working on image: BBHhMi8smMS
2016-04-27 10:36:43,888 [8] INFO InstaFollow.Scenario.Strategy.ExploreStrategy - Liking image id: 1173052225647436562
2016-04-27 10:37:04,210 [8] INFO InstaFollow.Scenario.Strategy.ExploreStrategy - Working on image: BBFrzRDMmI-
2016-04-27 10:37:04,648 [8] INFO InstaFollow.Scenario.Strategy.ExploreStrategy - Following user id: 1640133223
2016-04-27 10:37:17,337 [8] INFO InstaFollow.Scenario.Strategy.ExploreStrategy - Liking image id: 1172535917000417854
2016-04-27 10:37:44,023 [8] INFO InstaFollow.Scenario.Strategy.ExploreStrategy - Working on image: BBAzi2rqHc6
2016-04-27 10:37:44,245 [8] INFO InstaFollow.Scenario.Strategy.ExploreStrategy - Liking image id: 1171162598665123642
2016-04-27 10:37:59,004 [8] INFO InstaFollow.Scenario.Strategy.ExploreStrategy - Working on image: BBAKWgmTHgZ
2016-04-27 10:37:59,229 [8] INFO InstaFollow.Scenario.Strategy.ExploreStrategy - Liking image id: 1170981430412212249
2016-04-27 10:38:23,691 [8] INFO InstaFollow.Scenario.Strategy.ExploreStrategy - Working on image: BA9n8agtrIe
2016-04-27 10:38:23,905 [8] INFO InstaFollow.Scenario.Strategy.ExploreStrategy - Liking image id: 1170267153634865694
2016-04-27 10:38:43,515 [8] INFO InstaFollow.Scenario.Strategy.ExploreStrategy - Working on image: BAwoWGmI0Y6
2016-04-27 10:38:43,754 [8] INFO InstaFollow.Scenario.Strategy.ExploreStrategy - Liking image id: 1166609744260187706
2016-04-27 10:39:03,335 [8] INFO InstaFollow.Scenario.Strategy.ExploreStrategy - Working on image: BAo4vbZBg_e
2016-04-27 10:39:03,543 [8] INFO InstaFollow.Scenario.Strategy.ExploreStrategy - Liking image id: 1164430053506158558
2016-04-27 10:39:24,719 [8] INFO InstaFollow.Scenario.Strategy.ExploreStrategy - Working on image: BAo4mvfBg_M
2016-04-27 10:39:25,020 [8] INFO InstaFollow.Scenario.Strategy.ExploreStrategy - Liking image id: 1164429456606367692
2016-04-27 10:39:48,058 [8] INFO InstaFollow.Scenario.Strategy.ExploreStrategy - Working on image: BAo4gHaBg-_
2016-04-27 10:39:48,467 [8] INFO InstaFollow.Scenario.Strategy.ExploreStrategy - Liking image id: 1164429001255948223
2016-04-27 10:40:11,303 [8] INFO InstaFollow.Scenario.Strategy.ExploreStrategy - Working on image: BAo4Ra4Bg-k
2016-04-27 10:40:11,519 [8] INFO InstaFollow.Scenario.Strategy.ExploreStrategy - Liking image id: 1164427991368208292
2016-04-27 10:40:39,621 [8] INFO InstaFollow.Scenario.Strategy.ExploreStrategy - Working on image: BAo4IVCBg-X
2016-04-27 10:40:39,882 [8] INFO InstaFollow.Scenario.Strategy.ExploreStrategy - Liking image id: 1164427366618238871
2016-04-27 10:41:05,269 [8] INFO InstaFollow.Scenario.Strategy.ExploreStrategy - Working on image: BAleQXFBg5r
2016-04-27 10:41:05,765 [8] INFO InstaFollow.Scenario.Strategy.ExploreStrategy - Liking image id: 1163469144432447083
2016-04-27 10:41:33,320 [8] INFO InstaFollow.Scenario.Strategy.ExploreStrategy - Working on image: BAldiFhBg4l
2016-04-27 10:41:33,554 [8] INFO InstaFollow.Scenario.Strategy.ExploreStrategy - Liking image id: 1163465964478926373
2016-04-27 10:41:49,473 [8] INFO InstaFollow.Scenario.Strategy.ExploreStrategy - Working on image: BAVrBheBg4p
2016-04-27 10:41:49,796 [8] INFO InstaFollow.Scenario.Strategy.ExploreStrategy - Liking image id: 1159021699774418473
2016-04-27 10:42:10,326 [8] INFO InstaFollow.Scenario.Strategy.ExploreStrategy - Working on image: BAVq2xJhg4S
2016-04-27 10:42:10,573 [8] INFO InstaFollow.Scenario.Strategy.ExploreStrategy - Liking image id: 1159020960696110610
2016-04-27 10:42:30,190 [8] INFO InstaFollow.Scenario.Strategy.ExploreStrategy - Working on image: BAVZ9NEhg2S
2016-04-27 10:42:30,432 [8] INFO InstaFollow.Scenario.Strategy.ExploreStrategy - Liking image id: 1158946636203167122
2016-04-27 10:42:47,638 [8] INFO InstaFollow.Scenario.Strategy.ExploreStrategy - Working on image: BAVZ3O8Bg2C
2016-04-27 10:42:47,852 [8] INFO InstaFollow.Scenario.Strategy.ExploreStrategy - Liking image id: 1158946225891184002
2016-04-27 10:43:12,613 [8] INFO InstaFollow.Scenario.Strategy.ExploreStrategy - Working on image: BAVZtgZBg1w
2016-04-27 10:43:12,820 [8] INFO InstaFollow.Scenario.Strategy.ExploreStrategy - Liking image id: 1158945557436566896
2016-04-27 10:43:35,006 [8] INFO InstaFollow.Scenario.Strategy.ExploreStrategy - Working on image: BAVZlG8Bg1f
2016-04-27 10:43:35,221 [8] INFO InstaFollow.Scenario.Strategy.ExploreStrategy - Liking image id: 1158944980350668127
2016-04-27 10:43:51,553 [8] INFO InstaFollow.Scenario.Strategy.ExploreStrategy - Working on image: BAVZbaKBg1J
2016-04-27 10:43:51,763 [8] INFO InstaFollow.Scenario.Strategy.ExploreStrategy - Liking image id: 1158944313791876425
2016-04-27 10:44:16,964 [8] INFO InstaFollow.Scenario.Strategy.ExploreStrategy - Working on image: BAVZLsEhg0n
2016-04-27 10:44:17,174 [8] INFO InstaFollow.Scenario.Strategy.ExploreStrategy - Liking image id: 1158943233515326759
2016-04-27 10:44:31,566 [8] INFO InstaFollow.Scenario.Strategy.ExploreStrategy - Working on image: _-XjOZoHae
2016-04-27 10:44:31,779 [8] INFO InstaFollow.Scenario.Strategy.ExploreStrategy - Liking image id: 1152462130367198878
2016-04-27 10:45:13,835 [8] INFO InstaFollow.Scenario.Strategy.ExploreStrategy - Working on image: _90ns1Bg7L
2016-04-27 10:45:14,126 [8] INFO InstaFollow.Scenario.Strategy.ExploreStrategy - Liking image id: 1152308506289114827
2016-04-27 10:45:39,515 [8] INFO InstaFollow.Scenario.Strategy.ExploreStrategy - Working on image: _6fp-PKHd5
2016-04-27 10:45:39,823 [8] INFO InstaFollow.Scenario.Strategy.ExploreStrategy - Liking image id: 1151371878513276793
2016-04-27 10:46:00,452 [8] INFO InstaFollow.Scenario.Strategy.ExploreStrategy - Working on image: _B657IKHQy
2016-04-27 10:46:00,828 [8] INFO InstaFollow.Scenario.Strategy.ExploreStrategy - Liking image id: 1135447648269530162
2016-04-27 10:46:26,602 [8] INFO InstaFollow.Scenario.Strategy.ExploreStrategy - Working on image: -9HuxOzQck
2016-04-27 10:46:26,959 [8] INFO InstaFollow.Scenario.Strategy.ExploreStrategy - Liking image id: 1134096681450407716
2016-04-27 10:46:44,591 [8] INFO InstaFollow.Scenario.Strategy.ExploreStrategy - Working on image: -w0_WptrMS
2016-04-27 10:46:45,320 [8] INFO InstaFollow.Scenario.Strategy.ExploreStrategy - Liking image id: 1130636558537765650
2016-04-27 10:47:04,668 [8] INFO InstaFollow.Scenario.Strategy.ExploreStrategy - Working on image: -npPi_B5Z_
2016-04-27 10:47:04,967 [8] INFO InstaFollow.Scenario.Strategy.ExploreStrategy - Following user id: 625680484
2016-04-27 10:47:12,408 [8] INFO InstaFollow.Scenario.Strategy.ExploreStrategy - Liking image id: 1128051619943388799
2016-04-27 10:47:33,383 [8] INFO InstaFollow.Scenario.Strategy.ExploreStrategy - Working on image: -KV3FCqWMx
2016-04-27 10:47:33,729 [8] INFO InstaFollow.Scenario.Strategy.ExploreStrategy - Liking image id: 1119803601316307761
2016-04-27 10:47:56,006 [8] INFO InstaFollow.Scenario.Strategy.ExploreStrategy - Working on image: -FDsfxLiCx
2016-04-27 10:47:56,319 [8] INFO InstaFollow.Scenario.Strategy.ExploreStrategy - Liking image id: 1118316334379049137
2016-04-27 10:48:12,607 [8] INFO InstaFollow.Scenario.Strategy.ExploreStrategy - Working on image: 9_uY2Ahg-P
2016-04-27 10:48:12,815 [8] INFO InstaFollow.Scenario.Strategy.ExploreStrategy - Liking image id: 1116815250008969103
2016-04-27 10:48:36,709 [8] INFO InstaFollow.Scenario.Strategy.ExploreStrategy - Working on image: 9_uTSjBg-D
2016-04-27 10:48:37,286 [8] INFO InstaFollow.Scenario.Strategy.ExploreStrategy - Liking image id: 1116814868335693699
2016-04-27 10:48:58,764 [8] INFO InstaFollow.Scenario.Strategy.ExploreStrategy - Working on image: 9_uH4tBg92
2016-04-27 10:48:59,066 [8] INFO InstaFollow.Scenario.Strategy.ExploreStrategy - Liking image id: 1116814084671934326
2016-04-27 10:49:20,536 [8] INFO InstaFollow.Scenario.Strategy.ExploreStrategy - Working on image: 9x61dUE04q
2016-04-27 10:49:20,871 [8] INFO InstaFollow.Scenario.Strategy.ExploreStrategy - Following user id: 1711081234
2016-04-27 10:49:33,325 [8] INFO InstaFollow.Scenario.Strategy.ExploreStrategy - Liking image id: 1112929343242456618
2016-04-27 10:50:03,609 [8] INFO InstaFollow.Scenario.Strategy.ExploreStrategy - Working on image: 9gt2Q1Bg5A
2016-04-27 10:50:04,341 [8] INFO InstaFollow.Scenario.Strategy.ExploreStrategy - Liking image id: 1108087149347343936
2016-04-27 10:50:25,997 [8] INFO InstaFollow.Scenario.Strategy.ExploreStrategy - Working on image: 9gpHExBg9W
2016-04-27 10:50:26,380 [8] INFO InstaFollow.Scenario.Strategy.ExploreStrategy - Liking image id: 1108066314393882454
2016-04-27 10:50:44,854 [8] INFO InstaFollow.Scenario.Strategy.ExploreStrategy - Working on image: 9gYCuPBgxz
2016-04-27 10:50:44,854 [8] INFO InstaFollow.Scenario.Strategy.ExploreStrategy - Stop request.
2016-04-27 11:03:59,831 [1] INFO InstaFollow.Library.Container.InstagramInstagramHttpContainer - Logging in user machine86
2016-04-27 11:04:00,960 [1] INFO InstaFollow.Library.Container.InstagramInstagramHttpContainer - {"status":"ok","authenticated":true,"user":"machine86"}
2016-04-27 11:04:00,972 [6] INFO InstaFollow.Scenario.Strategy.ExploreStrategy - Working on keyword: follow4follow
2016-04-27 11:04:02,120 [6] INFO InstaFollow.Scenario.Strategy.ExploreStrategy - Working on image: BCV77aOjv0X
2016-04-27 11:04:02,597 [6] INFO InstaFollow.Scenario.Strategy.ExploreStrategy - Liking image id: 1195124843491556631
2016-04-27 11:04:23,990 [6] INFO InstaFollow.Scenario.Strategy.ExploreStrategy - Working on image: BEsq-7AM0Sj
2016-04-27 11:04:25,011 [6] INFO InstaFollow.Scenario.Strategy.ExploreStrategy - Following user id: 2191638280
2016-04-27 11:04:33,839 [6] INFO InstaFollow.Scenario.Strategy.ExploreStrategy - Liking image id: 1237553039535195299
2016-04-27 11:04:52,658 [6] INFO InstaFollow.Scenario.Strategy.ExploreStrategy - Working on image: BEsq-kROcOO
2016-04-27 11:04:53,143 [6] INFO InstaFollow.Scenario.Strategy.ExploreStrategy - Following user id: 1332748695
2016-04-27 11:05:01,588 [6] INFO InstaFollow.Scenario.Strategy.ExploreStrategy - Liking image id: 1237553015124771726
2016-04-27 11:05:19,699 [6] INFO InstaFollow.Scenario.Strategy.ExploreStrategy - Working on image: BEsq-bLq7nd
2016-04-27 11:05:20,381 [6] INFO InstaFollow.Scenario.Strategy.ExploreStrategy - Liking image id: 1237553005367900637
2016-04-27 11:05:39,297 [6] INFO InstaFollow.Scenario.Strategy.ExploreStrategy - Working on image: BEsq98LAL3J
2016-04-27 11:05:39,600 [6] INFO InstaFollow.Scenario.Strategy.ExploreStrategy - Liking image id: 1237552972070698441
2016-04-27 11:05:57,920 [6] INFO InstaFollow.Scenario.Strategy.ExploreStrategy - Working on image: BEsqz4IwJjw
2016-04-27 11:05:58,421 [6] INFO InstaFollow.Scenario.Strategy.ExploreStrategy - Liking image id: 1237552280543205616
2016-04-27 11:06:16,090 [6] INFO InstaFollow.Scenario.Strategy.ExploreStrategy - Working on image: BEsq9jGqXjz
2016-04-27 11:06:16,387 [6] INFO InstaFollow.Scenario.Strategy.ExploreStrategy - Liking image id: 1237552945154324723
2016-04-27 11:06:37,239 [6] INFO InstaFollow.Scenario.Strategy.ExploreStrategy - Working on image: BEsq-ahxc24
2016-04-27 11:06:37,544 [6] INFO InstaFollow.Scenario.Strategy.ExploreStrategy - Liking image id: 1237553004664966584
2016-04-27 11:06:51,501 [6] INFO InstaFollow.Scenario.Strategy.ExploreStrategy - Working on image: BEsq-KoI3G0
2016-04-27 11:06:51,807 [6] INFO InstaFollow.Scenario.Strategy.ExploreStrategy - Liking image id: 1237552987591897524
2016-04-27 11:07:15,155 [6] INFO InstaFollow.Scenario.Strategy.ExploreStrategy - Working on image: _ei91rBASS
2016-04-27 11:07:15,811 [6] INFO InstaFollow.Scenario.Strategy.ExploreStrategy - Liking image id: 1143505138498143378
2016-04-27 11:07:36,719 [6] INFO InstaFollow.Scenario.Strategy.ExploreStrategy - Working on image: BEsqga8s0x5
2016-04-27 11:07:37,217 [6] INFO InstaFollow.Scenario.Strategy.ExploreStrategy - Liking image id: 1237550943532436601
2016-04-27 11:07:57,765 [6] INFO InstaFollow.Scenario.Strategy.ExploreStrategy - Working on image: BDfpTB7G7xN
2016-04-27 11:07:58,348 [6] INFO InstaFollow.Scenario.Strategy.ExploreStrategy - Following user id: 2154171774
2016-04-27 11:08:05,351 [6] INFO InstaFollow.Scenario.Strategy.ExploreStrategy - Liking image id: 1215872052055751757
2016-04-27 11:08:28,180 [6] INFO InstaFollow.Scenario.Strategy.ExploreStrategy - Working on image: _ei91rBASS
2016-04-27 11:08:41,994 [6] INFO InstaFollow.Scenario.Strategy.ExploreStrategy - Working on image: BEsq9uvhW0i
2016-04-27 11:08:42,747 [6] INFO InstaFollow.Scenario.Strategy.ExploreStrategy - Following user id: 3173465346
2016-04-27 11:08:54,610 [6] INFO InstaFollow.Scenario.Strategy.ExploreStrategy - Liking image id: 1237552957650988322
2016-04-27 11:09:18,010 [6] INFO InstaFollow.Scenario.Strategy.ExploreStrategy - Working on image: BEsq-FISgtS
2016-04-27 11:09:18,381 [6] INFO InstaFollow.Scenario.Strategy.ExploreStrategy - Liking image id: 1237552981688847186
2016-04-27 11:09:46,189 [6] INFO InstaFollow.Scenario.Strategy.ExploreStrategy - Working on image: BEsq95qpQ7O
2016-04-27 11:09:46,584 [6] INFO InstaFollow.Scenario.Strategy.ExploreStrategy - Liking image id: 1237552969380335310
2016-04-27 11:10:10,992 [6] INFO InstaFollow.Scenario.Strategy.ExploreStrategy - Working on image: BEsq-BEyUqS
2016-04-27 11:10:11,424 [6] INFO InstaFollow.Scenario.Strategy.ExploreStrategy - Liking image id: 1237552977335110290
2016-04-27 11:10:29,329 [6] INFO InstaFollow.Scenario.Strategy.ExploreStrategy - Working on image: BEsq9w_p_ne
2016-04-27 11:10:29,791 [6] INFO InstaFollow.Scenario.Strategy.ExploreStrategy - Following user id: 1258927557
2016-04-27 11:10:39,407 [6] INFO InstaFollow.Scenario.Strategy.ExploreStrategy - Liking image id: 1237552960069171678
2016-04-27 11:10:55,289 [6] INFO InstaFollow.Scenario.Strategy.ExploreStrategy - Working on image: BEsq9t0IYQ-
2016-04-27 11:10:55,566 [6] INFO InstaFollow.Scenario.Strategy.ExploreStrategy - Following user id: 2957637144
2016-04-27 11:11:02,865 [6] INFO InstaFollow.Scenario.Strategy.ExploreStrategy - Liking image id: 1237552956654584894
2016-04-27 11:11:24,862 [6] INFO InstaFollow.Scenario.Strategy.ExploreStrategy - Working on image: BEsq9Sjk8lB
2016-04-27 11:11:25,224 [6] INFO InstaFollow.Scenario.Strategy.ExploreStrategy - Liking image id: 1237552927385831745
2016-04-27 11:11:48,007 [6] INFO InstaFollow.Scenario.Strategy.ExploreStrategy - Working on image: BEsq9vwA_3e
2016-04-27 11:11:48,234 [6] INFO InstaFollow.Scenario.Strategy.ExploreStrategy - Following user id: 1909915254
2016-04-27 11:11:59,065 [6] INFO InstaFollow.Scenario.Strategy.ExploreStrategy - Liking image id: 1237552958733024734
2016-04-27 11:12:18,950 [6] INFO InstaFollow.Scenario.Strategy.ExploreStrategy - Working on image: BEsq9kLG6wO
2016-04-27 11:12:19,230 [6] INFO InstaFollow.Scenario.Strategy.ExploreStrategy - Following user id: 1280871770
2016-04-27 11:12:27,000 [6] INFO InstaFollow.Scenario.Strategy.ExploreStrategy - Liking image id: 1237552946302659598
2016-04-27 11:12:50,418 [6] INFO InstaFollow.Scenario.Strategy.ExploreStrategy - Working on image: BEsq9asngx7
2016-04-27 11:12:50,636 [6] INFO InstaFollow.Scenario.Strategy.ExploreStrategy - Liking image id: 1237552936127433851
2016-04-27 11:13:12,016 [6] INFO InstaFollow.Scenario.Strategy.ExploreStrategy - Working on image: BEsq9l7IQDw
2016-04-27 11:13:12,581 [6] INFO InstaFollow.Scenario.Strategy.ExploreStrategy - Liking image id: 1237552948182057200
2016-04-27 11:13:36,993 [6] INFO InstaFollow.Scenario.Strategy.ExploreStrategy - Working on image: BEsq9kLG6wO
2016-04-27 11:13:45,554 [6] INFO InstaFollow.Scenario.Strategy.ExploreStrategy - Working on image: BEsq9asngx7
2016-04-27 11:13:45,850 [6] INFO InstaFollow.Scenario.Strategy.ExploreStrategy - Following user id: 2094701922
2016-04-27 11:14:13,501 [6] INFO InstaFollow.Scenario.Strategy.ExploreStrategy - Working on image: BEsq9eygbK7
2016-04-27 11:14:14,040 [6] INFO InstaFollow.Scenario.Strategy.ExploreStrategy - Liking image id: 1237552940521206459
2016-04-27 11:14:32,914 [6] INFO InstaFollow.Scenario.Strategy.ExploreStrategy - Working on image: BEsq9eSEU5h
2016-04-27 11:14:33,510 [6] INFO InstaFollow.Scenario.Strategy.ExploreStrategy - Liking image id: 1237552939976969825
2016-04-27 11:15:00,267 [6] INFO InstaFollow.Scenario.Strategy.ExploreStrategy - Working on image: BErXFoTSE5B
2016-04-27 11:15:00,705 [6] INFO InstaFollow.Scenario.Strategy.ExploreStrategy - Liking image id: 1237184064583650881
2016-04-27 11:15:21,115 [6] INFO InstaFollow.Scenario.Strategy.ExploreStrategy - Working on image: BDYQ0IFjv-i
2016-04-27 11:15:21,691 [6] INFO InstaFollow.Scenario.Strategy.ExploreStrategy - Liking image id: 1213794050416508834
2016-04-27 11:15:42,702 [6] INFO InstaFollow.Scenario.Strategy.ExploreStrategy - Working on image: BEsq9R_GR1j
2016-04-27 11:15:43,434 [6] INFO InstaFollow.Scenario.Strategy.ExploreStrategy - Liking image id: 1237552926773812579
2016-04-27 11:16:00,767 [6] INFO InstaFollow.Scenario.Strategy.ExploreStrategy - Working on image: BEsq9QFNhMt
2016-04-27 11:16:01,466 [6] INFO InstaFollow.Scenario.Strategy.ExploreStrategy - Liking image id: 1237552924728890157
2016-04-27 11:16:21,926 [6] INFO InstaFollow.Scenario.Strategy.ExploreStrategy - Working on image: BEsq8w3DUxY
2016-04-27 11:16:22,953 [6] INFO InstaFollow.Scenario.Strategy.ExploreStrategy - Following user id: 1744680850
2016-04-27 11:16:33,647 [6] INFO InstaFollow.Scenario.Strategy.ExploreStrategy - Liking image id: 1237552891205340248
2016-04-27 11:16:54,259 [6] INFO InstaFollow.Scenario.Strategy.ExploreStrategy - Working on image: BEsq9K3JbBy
2016-04-27 11:16:54,590 [6] INFO InstaFollow.Scenario.Strategy.ExploreStrategy - Liking image id: 1237552919124226162
2016-04-27 11:17:17,930 [6] INFO InstaFollow.Scenario.Strategy.ExploreStrategy - Working on image: BEsq9IZgRmY
2016-04-27 11:17:18,298 [6] INFO InstaFollow.Scenario.Strategy.ExploreStrategy - Liking image id: 1237552916479416728
2016-04-27 11:17:39,640 [6] INFO InstaFollow.Scenario.Strategy.ExploreStrategy - Working on image: BEsq9KRlK9_
2016-04-27 11:17:39,937 [6] INFO InstaFollow.Scenario.Strategy.ExploreStrategy - Liking image id: 1237552918493966207
2016-04-27 11:18:11,582 [6] INFO InstaFollow.Scenario.Strategy.ExploreStrategy - Working on image: BEsq8w3DUxY
2016-04-27 11:18:26,399 [6] INFO InstaFollow.Scenario.Strategy.ExploreStrategy - Working on image: BEsq9IZgRmY
2016-04-27 11:18:40,867 [6] INFO InstaFollow.Scenario.Strategy.ExploreStrategy - Working on image: BEsq9Eck5Sn
2016-04-27 11:18:41,137 [6] INFO InstaFollow.Scenario.Strategy.ExploreStrategy - Following user id: 1996581252
2016-04-27 11:18:48,706 [6] INFO InstaFollow.Scenario.Strategy.ExploreStrategy - Liking image id: 1237552912235992231
2016-04-27 11:19:07,205 [6] INFO InstaFollow.Scenario.Strategy.ExploreStrategy - Working on image: BEsq81lPYqL
2016-04-27 11:19:07,805 [6] INFO InstaFollow.Scenario.Strategy.ExploreStrategy - Following user id: 2335998937
2016-04-27 11:19:15,956 [6] INFO InstaFollow.Scenario.Strategy.ExploreStrategy - Liking image id: 1237552896275221131
2016-04-27 11:19:32,638 [6] INFO InstaFollow.Scenario.Strategy.ExploreStrategy - Working on image: BEsq8ujFwJx
2016-04-27 11:19:32,963 [6] INFO InstaFollow.Scenario.Strategy.ExploreStrategy - Following user id: 2007951471
2016-04-27 11:19:39,660 [6] INFO InstaFollow.Scenario.Strategy.ExploreStrategy - Liking image id: 1237552888722948721
2016-04-27 11:20:07,194 [6] INFO InstaFollow.Scenario.Strategy.ExploreStrategy - Working on image: BEsq87CH9LV
2016-04-27 11:20:07,622 [6] INFO InstaFollow.Scenario.Strategy.ExploreStrategy - Liking image id: 1237552902128521941
2016-04-27 11:20:26,877 [6] INFO InstaFollow.Scenario.Strategy.ExploreStrategy - Working on image: BEsq8wwhUFt
2016-04-27 11:20:27,292 [6] INFO InstaFollow.Scenario.Strategy.ExploreStrategy - Liking image id: 1237552891095761261
2016-04-27 11:20:44,987 [6] INFO InstaFollow.Scenario.Strategy.ExploreStrategy - Working on image: BEsq8xgDquf
2016-04-27 11:20:45,481 [6] INFO InstaFollow.Scenario.Strategy.ExploreStrategy - Liking image id: 1237552891893296031
2016-04-27 11:21:06,616 [6] INFO InstaFollow.Scenario.Strategy.ExploreStrategy - Working on image: BEsq8lIrQjP
2016-04-27 11:21:06,834 [6] INFO InstaFollow.Scenario.Strategy.ExploreStrategy - Liking image id: 1237552878616119503
2016-04-27 11:21:20,904 [6] INFO InstaFollow.Scenario.Strategy.ExploreStrategy - Working on image: BEsq8xKk6Kl
2016-04-27 11:21:21,250 [6] INFO InstaFollow.Scenario.Strategy.ExploreStrategy - Liking image id: 1237552891532911269
2016-04-27 11:21:36,423 [6] INFO InstaFollow.Scenario.Strategy.ExploreStrategy - Working on image: BEsq8qTlltA
2016-04-27 11:21:36,756 [6] INFO InstaFollow.Scenario.Strategy.ExploreStrategy - Liking image id: 1237552884167891776
2016-04-27 11:21:54,134 [6] INFO InstaFollow.Scenario.Strategy.ExploreStrategy - Working on image: BEsq8n8xs1C
2016-04-27 11:21:54,376 [6] INFO InstaFollow.Scenario.Strategy.ExploreStrategy - Liking image id: 1237552881637707074
2016-04-27 11:22:28,986 [6] INFO InstaFollow.Scenario.Strategy.ExploreStrategy - Working on image: BEsq8odOFhK
2016-04-27 11:22:29,292 [6] INFO InstaFollow.Scenario.Strategy.ExploreStrategy - Following user id: 2188753605
2016-04-27 11:22:36,051 [6] INFO InstaFollow.Scenario.Strategy.ExploreStrategy - Liking image id: 1237552882182019146
2016-04-27 11:22:59,020 [6] INFO InstaFollow.Scenario.Strategy.ExploreStrategy - Working on image: BEsq8gUn95f
2016-04-27 11:22:59,605 [6] INFO InstaFollow.Scenario.Strategy.ExploreStrategy - Following user id: 230092038
2016-04-27 11:23:08,166 [6] INFO InstaFollow.Scenario.Strategy.ExploreStrategy - Liking image id: 1237552873447874143
2016-04-27 11:23:25,689 [6] INFO InstaFollow.Scenario.Strategy.ExploreStrategy - Working on image: BEsq8P6GrWc
2016-04-27 11:23:26,046 [6] INFO InstaFollow.Scenario.Strategy.ExploreStrategy - Liking image id: 1237552855823070620
2016-04-27 11:23:51,008 [6] INFO InstaFollow.Scenario.Strategy.ExploreStrategy - Working on image: BEsq8UTvs63
2016-04-27 11:23:51,445 [6] INFO InstaFollow.Scenario.Strategy.ExploreStrategy - Liking image id: 1237552860548222647
2016-04-27 11:24:12,968 [6] INFO InstaFollow.Scenario.Strategy.ExploreStrategy - Working on image: BEsq8WLLkIv
2016-04-27 11:24:13,345 [6] INFO InstaFollow.Scenario.Strategy.ExploreStrategy - Liking image id: 1237552862552015407
2016-04-27 11:24:42,652 [6] INFO InstaFollow.Scenario.Strategy.ExploreStrategy - Working on image: BEsq8Kqxc21
2016-04-27 11:24:43,223 [6] INFO InstaFollow.Scenario.Strategy.ExploreStrategy - Liking image id: 1237552850197138869
2016-04-27 11:25:07,042 [6] INFO InstaFollow.Scenario.Strategy.ExploreStrategy - Working on image: BEsq8JGC_o1
2016-04-27 11:25:07,274 [6] INFO InstaFollow.Scenario.Strategy.ExploreStrategy - Following user id: 3170955765
2016-04-27 11:25:17,394 [6] INFO InstaFollow.Scenario.Strategy.ExploreStrategy - Liking image id: 1237552848507238965
2016-04-27 11:25:31,441 [6] INFO InstaFollow.Scenario.Strategy.ExploreStrategy - Working on image: BEsq8Huk5Sj
2016-04-27 11:25:31,666 [6] INFO InstaFollow.Scenario.Strategy.ExploreStrategy - Liking image id: 1237552847039730851
2016-04-27 11:25:53,514 [6] INFO InstaFollow.Scenario.Strategy.ExploreStrategy - Working on image: BEsq8FWCIeF
2016-04-27 11:25:53,739 [6] INFO InstaFollow.Scenario.Strategy.ExploreStrategy - Following user id: 3157890544
2016-04-27 11:26:00,565 [6] INFO InstaFollow.Scenario.Strategy.ExploreStrategy - Liking image id: 1237552844480481157
2016-04-27 11:26:22,316 [6] INFO InstaFollow.Scenario.Strategy.ExploreStrategy - Working on image: BEsq70rTNxR
2016-04-27 11:26:22,635 [6] INFO InstaFollow.Scenario.Strategy.ExploreStrategy - Liking image id: 1237552826583669841
2016-04-27 11:26:43,998 [6] INFO InstaFollow.Scenario.Strategy.ExploreStrategy - Working on image: BEjiHd9lo-l
2016-04-27 11:26:44,301 [6] INFO InstaFollow.Scenario.Strategy.ExploreStrategy - Liking image id: 1234980769619152805
2016-04-27 11:27:05,766 [6] INFO InstaFollow.Scenario.Strategy.ExploreStrategy - Working on image: BDtpVEBDvzQ
2016-04-27 11:27:05,982 [6] INFO InstaFollow.Scenario.Strategy.ExploreStrategy - Liking image id: 1219812841415965904
2016-04-27 11:27:34,608 [6] INFO InstaFollow.Scenario.Strategy.ExploreStrategy - Working on image: BEsq1DnN_ph
2016-04-27 11:27:34,822 [6] INFO InstaFollow.Scenario.Strategy.ExploreStrategy - Liking image id: 1237552361584982625
2016-04-27 11:27:53,502 [6] INFO InstaFollow.Scenario.Strategy.ExploreStrategy - Working on image: BEsq75kGCRX
2016-04-27 11:27:53,743 [6] INFO InstaFollow.Scenario.Strategy.ExploreStrategy - Following user id: 3176536544
2016-04-27 11:28:01,989 [6] INFO InstaFollow.Scenario.Strategy.ExploreStrategy - Liking image id: 1237552831831483479
2016-04-27 11:28:26,032 [6] INFO InstaFollow.Scenario.Strategy.ExploreStrategy - Working on image: BEsq6wytqKI
2016-04-27 11:28:26,396 [6] INFO InstaFollow.Scenario.Strategy.ExploreStrategy - Liking image id: 1237552753693598344
2016-04-27 11:28:44,914 [6] INFO InstaFollow.Scenario.Strategy.ExploreStrategy - Working on image: BEsq71nSUeS
2016-04-27 11:28:45,212 [6] INFO InstaFollow.Scenario.Strategy.ExploreStrategy - Following user id: 1822264688
2016-04-27 11:28:54,531 [6] INFO InstaFollow.Scenario.Strategy.ExploreStrategy - Liking image id: 1237552827590068114
2016-04-27 11:29:16,794 [6] INFO InstaFollow.Scenario.Strategy.ExploreStrategy - Working on image: BEsq7m6phPf
2016-04-27 11:29:17,104 [6] INFO InstaFollow.Scenario.Strategy.ExploreStrategy - Liking image id: 1237552811808789471
2016-04-27 11:29:32,135 [6] INFO InstaFollow.Scenario.Strategy.ExploreStrategy - Working on image: BEsq54ks1fA
2016-04-27 11:29:32,469 [6] INFO InstaFollow.Scenario.Strategy.ExploreStrategy - Liking image id: 1237552693328959424
2016-04-27 11:29:48,878 [6] INFO InstaFollow.Scenario.Strategy.ExploreStrategy - Working on image: BEsq7suNzp7
2016-04-27 11:29:49,289 [6] INFO InstaFollow.Scenario.Strategy.ExploreStrategy - Following user id: 3059063533
2016-04-27 11:29:57,476 [6] INFO InstaFollow.Scenario.Strategy.ExploreStrategy - Liking image id: 1237552818042649211
2016-04-27 11:30:19,785 [6] INFO InstaFollow.Scenario.Strategy.ExploreStrategy - Working on image: BEsq6-wle4B
2016-04-27 11:30:20,089 [6] INFO InstaFollow.Scenario.Strategy.ExploreStrategy - Following user id: 2997831402
2016-04-27 11:30:33,436 [6] INFO InstaFollow.Scenario.Strategy.ExploreStrategy - Liking image id: 1237552768690286081
2016-04-27 11:30:55,412 [6] INFO InstaFollow.Scenario.Strategy.ExploreStrategy - Working on image: BEsq7gSixnb
2016-04-27 11:30:55,704 [6] INFO InstaFollow.Scenario.Strategy.ExploreStrategy - Liking image id: 1237552804693481947
2016-04-27 11:31:20,473 [6] INFO InstaFollow.Scenario.Strategy.ExploreStrategy - Working on image: BEsq7N6CgwK
2016-04-27 11:31:21,003 [6] INFO InstaFollow.Scenario.Strategy.ExploreStrategy - Following user id: 3173500642
2016-04-27 11:31:32,194 [6] INFO InstaFollow.Scenario.Strategy.ExploreStrategy - Liking image id: 1237552784955018250
2016-04-27 11:31:56,404 [6] INFO InstaFollow.Scenario.Strategy.ExploreStrategy - Working on image: BEsq6MpIKVB
2016-04-27 11:31:56,623 [6] INFO InstaFollow.Scenario.Strategy.ExploreStrategy - Following user id: 2201167088
2016-04-27 11:32:06,610 [6] INFO InstaFollow.Scenario.Strategy.ExploreStrategy - Liking image id: 1237552714878068033
2016-04-27 11:32:33,651 [6] INFO InstaFollow.Scenario.Strategy.ExploreStrategy - Working on image: BEsq7U-Hvqc
2016-04-27 11:32:33,870 [6] INFO InstaFollow.Scenario.Strategy.ExploreStrategy - Liking image id: 1237552792539691676
2016-04-27 11:33:03,487 [6] INFO InstaFollow.Scenario.Strategy.ExploreStrategy - Working on image: BEsq7N6CgwK
2016-04-27 11:33:10,108 [6] INFO InstaFollow.Scenario.Strategy.ExploreStrategy - Working on image: BEsq6MpIKVB
2016-04-27 11:33:25,780 [6] INFO InstaFollow.Scenario.Strategy.ExploreStrategy - Working on image: BEsq7Twqmh-
2016-04-27 11:33:26,316 [6] INFO InstaFollow.Scenario.Strategy.ExploreStrategy - Following user id: 835477713
2016-04-27 11:33:38,899 [6] INFO InstaFollow.Scenario.Strategy.ExploreStrategy - Liking image id: 1237552791240206462
2016-04-27 11:34:06,550 [6] INFO InstaFollow.Scenario.Strategy.ExploreStrategy - Working on image: BEsq0i7Ryc-
2016-04-27 11:34:06,926 [6] INFO InstaFollow.Scenario.Strategy.ExploreStrategy - Liking image id: 1237552326488041278
2016-04-27 11:34:35,308 [6] INFO InstaFollow.Scenario.Strategy.ExploreStrategy - Working on image: BEsq7M3ARmT
2016-04-27 11:34:35,728 [6] INFO InstaFollow.Scenario.Strategy.ExploreStrategy - Liking image id: 1237552783830358419
2016-04-27 11:34:52,408 [6] INFO InstaFollow.Scenario.Strategy.ExploreStrategy - Working on image: _-ijvon8mC
2016-04-27 11:34:52,835 [6] INFO InstaFollow.Scenario.Strategy.ExploreStrategy - Liking image id: 1152510544563915138
2016-04-27 11:35:10,402 [6] INFO InstaFollow.Scenario.Strategy.ExploreStrategy - Working on image: BEsq7LDgqvb
2016-04-27 11:35:10,819 [6] INFO InstaFollow.Scenario.Strategy.ExploreStrategy - Following user id: 1589825169
2016-04-27 11:35:19,080 [6] INFO InstaFollow.Scenario.Strategy.ExploreStrategy - Liking image id: 1237552781892692955
2016-04-27 11:35:35,807 [6] INFO InstaFollow.Scenario.Strategy.ExploreStrategy - Working on image: BEsq50wAm1d
2016-04-27 11:35:36,117 [6] INFO InstaFollow.Scenario.Strategy.ExploreStrategy - Liking image id: 1237552689223724381
2016-04-27 11:35:56,427 [6] INFO InstaFollow.Scenario.Strategy.ExploreStrategy - Working on image: BEsq7FYIUti
2016-04-27 11:35:56,645 [6] INFO InstaFollow.Scenario.Strategy.ExploreStrategy - Liking image id: 1237552775796181858
2016-04-27 11:36:21,643 [6] INFO InstaFollow.Scenario.Strategy.ExploreStrategy - Working on image: BEsq7EzCppU
2016-04-27 11:36:21,946 [6] INFO InstaFollow.Scenario.Strategy.ExploreStrategy - Liking image id: 1237552775173937748
2016-04-27 11:36:38,744 [6] INFO InstaFollow.Scenario.Strategy.ExploreStrategy - Working on image: BEsq7DlDTlE
2016-04-27 11:36:39,010 [6] INFO InstaFollow.Scenario.Strategy.ExploreStrategy - Liking image id: 1237552773865486660
2016-04-27 11:37:06,750 [6] INFO InstaFollow.Scenario.Strategy.ExploreStrategy - Working on image: BEsq6_KSVzr
2016-04-27 11:37:07,119 [6] INFO InstaFollow.Scenario.Strategy.ExploreStrategy - Liking image id: 1237552769121475819
2016-04-27 11:37:37,213 [6] INFO InstaFollow.Scenario.Strategy.ExploreStrategy - Working on image: BEsq50wAm1d
2016-04-27 11:37:46,637 [6] INFO InstaFollow.Scenario.Strategy.ExploreStrategy - Working on image: BEsq67FE5Si
2016-04-27 11:37:46,971 [6] INFO InstaFollow.Scenario.Strategy.ExploreStrategy - Liking image id: 1237552764739097762
2016-04-27 11:38:00,284 [6] INFO InstaFollow.Scenario.Strategy.ExploreStrategy - Working on image: BEsq5smQmtN
2016-04-27 11:38:00,508 [6] INFO InstaFollow.Scenario.Strategy.ExploreStrategy - Liking image id: 1237552680470211405
2016-04-27 11:38:21,560 [6] INFO InstaFollow.Scenario.Strategy.ExploreStrategy - Working on image: BEsq62MG4LK
2016-04-27 11:38:22,627 [6] INFO InstaFollow.Scenario.Strategy.ExploreStrategy - Liking image id: 1237552759488348874
2016-04-27 11:38:38,239 [6] INFO InstaFollow.Scenario.Strategy.ExploreStrategy - Working on image: BEsq6l0NxYn
2016-04-27 11:38:38,505 [6] INFO InstaFollow.Scenario.Strategy.ExploreStrategy - Liking image id: 1237552741907633703
2016-04-27 11:39:00,393 [6] INFO InstaFollow.Scenario.Strategy.ExploreStrategy - Working on image: BEsq6z9lMq2
2016-04-27 11:39:01,667 [6] INFO InstaFollow.Scenario.Strategy.ExploreStrategy - Liking image id: 1237552757097155254
2016-04-27 11:39:16,005 [6] INFO InstaFollow.Scenario.Strategy.ExploreStrategy - Working on image: BEsq6x4jsEn
2016-04-27 11:39:16,254 [6] INFO InstaFollow.Scenario.Strategy.ExploreStrategy - Following user id: 3060765943
2016-04-27 11:39:27,050 [6] INFO InstaFollow.Scenario.Strategy.ExploreStrategy - Liking image id: 1237552754865389863
2016-04-27 11:39:54,410 [6] INFO InstaFollow.Scenario.Strategy.ExploreStrategy - Working on image: BEsq6a6gJFi
2016-04-27 11:39:54,731 [6] INFO InstaFollow.Scenario.Strategy.ExploreStrategy - Following user id: 479105035
2016-04-27 11:40:01,893 [6] INFO InstaFollow.Scenario.Strategy.ExploreStrategy - Liking image id: 1237552730201952610
2016-04-27 11:40:18,584 [6] INFO InstaFollow.Scenario.Strategy.ExploreStrategy - Working on image: BEsq6jqzEGA
2016-04-27 11:40:19,129 [6] INFO InstaFollow.Scenario.Strategy.ExploreStrategy - Liking image id: 1237552739602153856
2016-04-27 11:40:34,947 [6] INFO InstaFollow.Scenario.Strategy.ExploreStrategy - Working on image: BEsq6u4uFDk
2016-04-27 11:40:35,345 [6] INFO InstaFollow.Scenario.Strategy.ExploreStrategy - Following user id: 3055868603
2016-04-27 11:40:41,987 [6] INFO InstaFollow.Scenario.Strategy.ExploreStrategy - Liking image id: 1237552751646888164
2016-04-27 11:41:07,010 [6] INFO InstaFollow.Scenario.Strategy.ExploreStrategy - Working on image: BEsq6u-ARUM
2016-04-27 11:41:07,359 [6] INFO InstaFollow.Scenario.Strategy.ExploreStrategy - Following user id: 3135660068
2016-04-27 11:41:19,633 [6] INFO InstaFollow.Scenario.Strategy.ExploreStrategy - Liking image id: 1237552751735543052
2016-04-27 11:41:43,200 [6] INFO InstaFollow.Scenario.Strategy.ExploreStrategy - Working on image: BEsq54tRVN-
2016-04-27 11:41:43,431 [6] INFO InstaFollow.Scenario.Strategy.ExploreStrategy - Following user id: 2378169435
2016-04-27 11:41:50,053 [6] INFO InstaFollow.Scenario.Strategy.ExploreStrategy - Liking image id: 1237552693472744318
2016-04-27 11:42:26,100 [6] INFO InstaFollow.Scenario.Strategy.ExploreStrategy - Working on image: BB_tJhRGKO8
2016-04-27 11:42:26,399 [6] INFO InstaFollow.Scenario.Strategy.ExploreStrategy - Following user id: 196626575
2016-04-27 11:42:41,066 [6] INFO InstaFollow.Scenario.Strategy.ExploreStrategy - Liking image id: 1188867392937698236
2016-04-27 11:43:02,986 [6] INFO InstaFollow.Scenario.Strategy.ExploreStrategy - Working on image: BEsq6iuFiDn
2016-04-27 11:43:03,518 [6] INFO InstaFollow.Scenario.Strategy.ExploreStrategy - Liking image id: 1237552738583584999
2016-04-27 11:43:28,830 [6] INFO InstaFollow.Scenario.Strategy.ExploreStrategy - Working on image: BEsq6aLAu_e
2016-04-27 11:43:29,276 [6] INFO InstaFollow.Scenario.Strategy.ExploreStrategy - Liking image id: 1237552729405190110
2016-04-27 11:43:55,047 [6] INFO InstaFollow.Scenario.Strategy.ExploreStrategy - Working on image: BEsq6aslivZ
2016-04-27 11:43:55,621 [6] INFO InstaFollow.Scenario.Strategy.ExploreStrategy - Following user id: 533906417
2016-04-27 11:44:03,361 [6] INFO InstaFollow.Scenario.Strategy.ExploreStrategy - Liking image id: 1237552729968487385
2016-04-27 11:44:24,743 [6] INFO InstaFollow.Scenario.Strategy.ExploreStrategy - Working on image: BD9qFLGjv_r
2016-04-27 11:44:25,081 [6] INFO InstaFollow.Scenario.Strategy.ExploreStrategy - Liking image id: 1224319747186687979
2016-04-27 11:44:46,732 [6] INFO InstaFollow.Scenario.Strategy.ExploreStrategy - Working on image: BEsq6WMxeGt
2016-04-27 11:44:47,056 [6] INFO InstaFollow.Scenario.Strategy.ExploreStrategy - Liking image id: 1237552725139775917
2016-04-27 11:45:09,872 [6] INFO InstaFollow.Scenario.Strategy.ExploreStrategy - Working on image: BEsq6WDpnct
2016-04-27 11:45:10,171 [6] INFO InstaFollow.Scenario.Strategy.ExploreStrategy - Liking image id: 1237552724986722093
2016-04-27 11:45:35,549 [6] INFO InstaFollow.Scenario.Strategy.ExploreStrategy - Working on image: BEsq6UGtUW1
2016-04-27 11:45:35,866 [6] INFO InstaFollow.Scenario.Strategy.ExploreStrategy - Following user id: 20898408
2016-04-27 11:45:48,132 [6] INFO InstaFollow.Scenario.Strategy.ExploreStrategy - Liking image id: 1237552722890540469
2016-04-27 11:46:08,046 [6] INFO InstaFollow.Scenario.Strategy.ExploreStrategy - Working on image: BEsq5jwBjPA
2016-04-27 11:46:08,351 [6] INFO InstaFollow.Scenario.Strategy.ExploreStrategy - Liking image id: 1237552670970360768
2016-04-27 11:46:34,407 [6] INFO InstaFollow.Scenario.Strategy.ExploreStrategy - Working on image: BEsq6Z0BswT
2016-04-27 11:46:34,722 [6] INFO InstaFollow.Scenario.Strategy.ExploreStrategy - Following user id: 337560434
2016-04-27 11:46:49,719 [6] INFO InstaFollow.Scenario.Strategy.ExploreStrategy - Liking image id: 1237552729019567123
2016-04-27 11:47:09,402 [6] INFO InstaFollow.Scenario.Strategy.ExploreStrategy - Working on image: BEsq6LDEosS
2016-04-27 11:47:09,764 [6] INFO InstaFollow.Scenario.Strategy.ExploreStrategy - Liking image id: 1237552713165867794
2016-04-27 11:47:26,107 [6] INFO InstaFollow.Scenario.Strategy.ExploreStrategy - Working on image: BEsq6T1RTn9
2016-04-27 11:47:26,528 [6] INFO InstaFollow.Scenario.Strategy.ExploreStrategy - Liking image id: 1237552722597984765
2016-04-27 11:47:54,561 [6] INFO InstaFollow.Scenario.Strategy.ExploreStrategy - Working on image: BEsq5jwBjPA
2016-04-27 11:48:02,601 [6] INFO InstaFollow.Scenario.Strategy.ExploreStrategy - Working on image: BEsq6LDEosS
2016-04-27 11:48:14,870 [6] INFO InstaFollow.Scenario.Strategy.ExploreStrategy - Working on image: BEsq6TCGFk3
2016-04-27 11:48:15,489 [6] INFO InstaFollow.Scenario.Strategy.ExploreStrategy - Liking image id: 1237552721739405623
2016-04-27 11:48:36,400 [6] INFO InstaFollow.Scenario.Strategy.ExploreStrategy - Working on image: BEsq5N0vZlD
2016-04-27 11:48:36,934 [6] INFO InstaFollow.Scenario.Strategy.ExploreStrategy - Liking image id: 1237552647427168579
2016-04-27 11:48:57,435 [6] INFO InstaFollow.Scenario.Strategy.ExploreStrategy - Working on image: BEsqiogvLHz
2016-04-27 11:48:57,833 [6] INFO InstaFollow.Scenario.Strategy.ExploreStrategy - Following user id: 3176513883
2016-04-27 11:49:10,921 [6] INFO InstaFollow.Scenario.Strategy.ExploreStrategy - Liking image id: 1237551095534629363
2016-04-27 11:49:29,150 [6] INFO InstaFollow.Scenario.Strategy.ExploreStrategy - Working on image: BEsozxwR45H
2016-04-27 11:49:29,573 [6] INFO InstaFollow.Scenario.Strategy.ExploreStrategy - Liking image id: 1237543477597146695
2016-04-27 11:49:54,327 [6] INFO InstaFollow.Scenario.Strategy.ExploreStrategy - Working on image: BEsq5-UmlBM
2016-04-27 11:49:55,052 [6] INFO InstaFollow.Scenario.Strategy.ExploreStrategy - Liking image id: 1237552699501334604
2016-04-27 11:50:10,424 [6] INFO InstaFollow.Scenario.Strategy.ExploreStrategy - Working on image: BEsq6ExyZZY
2016-04-27 11:50:10,653 [6] INFO InstaFollow.Scenario.Strategy.ExploreStrategy - Following user id: 3097429708
2016-04-27 11:50:22,603 [6] INFO InstaFollow.Scenario.Strategy.ExploreStrategy - Liking image id: 1237552706433422936
2016-04-27 11:50:39,701 [6] INFO InstaFollow.Scenario.Strategy.ExploreStrategy - Working on image: BEsq6DGMMKm
2016-04-27 11:50:39,933 [6] INFO InstaFollow.Scenario.Strategy.ExploreStrategy - Following user id: 2207833119
2016-04-27 11:50:51,677 [6] INFO InstaFollow.Scenario.Strategy.ExploreStrategy - Liking image id: 1237552704628245158
2016-04-27 11:51:15,387 [6] INFO InstaFollow.Scenario.Strategy.ExploreStrategy - Working on image: BEsq50ljUxS
2016-04-27 11:51:15,611 [6] INFO InstaFollow.Scenario.Strategy.ExploreStrategy - Liking image id: 1237552689048276050
2016-04-27 11:51:44,161 [6] INFO InstaFollow.Scenario.Strategy.ExploreStrategy - Working on image: BEsq5sJRLHj
2016-04-27 11:51:44,574 [6] INFO InstaFollow.Scenario.Strategy.ExploreStrategy - Following user id: 2233189395
2016-04-27 11:51:55,935 [6] INFO InstaFollow.Scenario.Strategy.ExploreStrategy - Liking image id: 1237552679983821283
2016-04-27 11:52:16,494 [6] INFO InstaFollow.Scenario.Strategy.ExploreStrategy - Working on image: BEsq5vVBa9P
2016-04-27 11:52:16,803 [6] INFO InstaFollow.Scenario.Strategy.ExploreStrategy - Following user id: 3098940362
2016-04-27 11:52:28,307 [6] INFO InstaFollow.Scenario.Strategy.ExploreStrategy - Liking image id: 1237552683402243919
2016-04-27 11:53:00,005 [6] INFO InstaFollow.Scenario.Strategy.ExploreStrategy - Working on image: BEsq5sJRLHj
2016-04-27 11:53:06,722 [6] INFO InstaFollow.Scenario.Strategy.ExploreStrategy - Working on image: BEsq5zXFL8s
2016-04-27 11:53:07,035 [6] INFO InstaFollow.Scenario.Strategy.ExploreStrategy - Following user id: 1480601326
2016-04-27 11:53:16,391 [6] INFO InstaFollow.Scenario.Strategy.ExploreStrategy - Liking image id: 1237552687731752748
2016-04-27 11:53:38,173 [6] INFO InstaFollow.Scenario.Strategy.ExploreStrategy - Working on image: BEsq535k5Sh
2016-04-27 11:53:38,520 [6] INFO InstaFollow.Scenario.Strategy.ExploreStrategy - Liking image id: 1237552692605457569
2016-04-27 11:53:57,002 [6] INFO InstaFollow.Scenario.Strategy.ExploreStrategy - Working on image: BEsq51SOdw_
2016-04-27 11:53:57,247 [6] INFO InstaFollow.Scenario.Strategy.ExploreStrategy - Following user id: 3169993702
2016-04-27 11:54:12,346 [6] INFO InstaFollow.Scenario.Strategy.ExploreStrategy - Liking image id: 1237552689797782591
2016-04-27 11:54:31,373 [6] INFO InstaFollow.Scenario.Strategy.ExploreStrategy - Working on image: BEsq4LOokiu
2016-04-27 11:54:31,643 [6] INFO InstaFollow.Scenario.Strategy.ExploreStrategy - Liking image id: 1237552575920883886
2016-04-27 11:54:44,994 [6] INFO InstaFollow.Scenario.Strategy.ExploreStrategy - Working on image: BEsq5rWLKZ_
2016-04-27 11:54:45,206 [6] INFO InstaFollow.Scenario.Strategy.ExploreStrategy - Following user id: 2899252856
2016-04-27 11:54:59,942 [6] INFO InstaFollow.Scenario.Strategy.ExploreStrategy - Liking image id: 1237552679126607487
2016-04-27 11:55:23,277 [6] INFO InstaFollow.Scenario.Strategy.ExploreStrategy - Working on image: BEsq4zxzHit
2016-04-27 11:55:23,565 [6] INFO InstaFollow.Scenario.Strategy.ExploreStrategy - Following user id: 2123664893
2016-04-27 11:55:34,602 [6] INFO InstaFollow.Scenario.Strategy.ExploreStrategy - Liking image id: 1237552619460524205
2016-04-27 11:55:59,433 [6] INFO InstaFollow.Scenario.Strategy.ExploreStrategy - Working on image: BEsq5cQDGQr
2016-04-27 11:55:59,732 [6] INFO InstaFollow.Scenario.Strategy.ExploreStrategy - Liking image id: 1237552662917702699
2016-04-27 11:56:15,559 [6] INFO InstaFollow.Scenario.Strategy.ExploreStrategy - Working on image: BEDjg3QBAVT
2016-04-27 11:56:15,771 [6] INFO InstaFollow.Scenario.Strategy.ExploreStrategy - Following user id: 1413775256
2016-04-27 11:56:26,752 [6] INFO InstaFollow.Scenario.Strategy.ExploreStrategy - Liking image id: 1225979713550550355
2016-04-27 11:56:46,833 [6] INFO InstaFollow.Scenario.Strategy.ExploreStrategy - Working on image: BEsquChGvEN
2016-04-27 11:56:47,143 [6] INFO InstaFollow.Scenario.Strategy.ExploreStrategy - Liking image id: 1237551879372337421
2016-04-27 11:57:07,747 [6] INFO InstaFollow.Scenario.Strategy.ExploreStrategy - Working on image: BEsq5O4xc2w
2016-04-27 11:57:08,049 [6] INFO InstaFollow.Scenario.Strategy.ExploreStrategy - Liking image id: 1237552648568556976
2016-04-27 11:57:25,647 [6] INFO InstaFollow.Scenario.Strategy.ExploreStrategy - Working on image: BEsq5N7FC_l
2016-04-27 11:57:25,990 [6] INFO InstaFollow.Scenario.Strategy.ExploreStrategy - Liking image id: 1237552647533506533
2016-04-27 11:57:54,616 [6] INFO InstaFollow.Scenario.Strategy.ExploreStrategy - Working on image: BEDjg3QBAVT
2016-04-27 11:58:07,039 [6] INFO InstaFollow.Scenario.Strategy.ExploreStrategy - Working on image: BEsquChGvEN
2016-04-27 11:58:21,733 [6] INFO InstaFollow.Scenario.Strategy.ExploreStrategy - Working on image: BEsq5JrjmUw
2016-04-27 11:58:22,072 [6] INFO InstaFollow.Scenario.Strategy.ExploreStrategy - Liking image id: 1237552642978112816
2016-04-27 11:58:46,122 [6] INFO InstaFollow.Scenario.Strategy.ExploreStrategy - Working on image: BEsq48rImOi
2016-04-27 11:58:46,360 [6] INFO InstaFollow.Scenario.Strategy.ExploreStrategy - Following user id: 54047199
2016-04-27 11:58:59,169 [6] INFO InstaFollow.Scenario.Strategy.ExploreStrategy - Liking image id: 1237552629012390818
2016-04-27 11:59:18,943 [6] INFO InstaFollow.Scenario.Strategy.ExploreStrategy - Working on image: BEsq5FtmarH
2016-04-27 11:59:19,173 [6] INFO InstaFollow.Scenario.Strategy.ExploreStrategy - Following user id: 3010811641
2016-04-27 11:59:29,675 [6] INFO InstaFollow.Scenario.Strategy.ExploreStrategy - Liking image id: 1237552638717438663
2016-04-27 11:59:52,961 [6] INFO InstaFollow.Scenario.Strategy.ExploreStrategy - Working on image: BEsq4TyJj-S
2016-04-27 11:59:53,170 [6] INFO InstaFollow.Scenario.Strategy.ExploreStrategy - Following user id: 3173462446
2016-04-27 12:00:06,056 [6] INFO InstaFollow.Scenario.Strategy.ExploreStrategy - Liking image id: 1237552585106669458
2016-04-27 12:00:31,164 [6] INFO InstaFollow.Scenario.Strategy.ExploreStrategy - Working on image: BEsqycnrDrb
2016-04-27 12:00:31,474 [6] INFO InstaFollow.Scenario.Strategy.ExploreStrategy - Following user id: 3109237829
2016-04-27 12:00:46,308 [6] INFO InstaFollow.Scenario.Strategy.ExploreStrategy - Liking image id: 1237552182277716699
2016-04-27 12:01:04,874 [6] INFO InstaFollow.Scenario.Strategy.ExploreStrategy - Working on image: BEsq4-Qke3a
2016-04-27 12:01:06,062 [6] INFO InstaFollow.Scenario.Strategy.ExploreStrategy - Liking image id: 1237552630714199514
2016-04-27 12:01:27,065 [6] INFO InstaFollow.Scenario.Strategy.ExploreStrategy - Working on image: BEsqxkAuYpa
2016-04-27 12:01:27,450 [6] INFO InstaFollow.Scenario.Strategy.ExploreStrategy - Following user id: 3174908681
2016-04-27 12:01:41,739 [6] INFO InstaFollow.Scenario.Strategy.ExploreStrategy - Liking image id: 1237552121494735450
2016-04-27 12:02:07,800 [6] INFO InstaFollow.Scenario.Strategy.ExploreStrategy - Working on image: BEsq42DRnrD
2016-04-27 12:02:08,119 [6] INFO InstaFollow.Scenario.Strategy.ExploreStrategy - Liking image id: 1237552621901216451
2016-04-27 12:02:26,880 [6] INFO InstaFollow.Scenario.Strategy.ExploreStrategy - Working on image: BEsq4pwyi08
2016-04-27 12:02:27,753 [6] INFO InstaFollow.Scenario.Strategy.ExploreStrategy - Following user id: 28844746
2016-04-27 12:02:36,330 [6] INFO InstaFollow.Scenario.Strategy.ExploreStrategy - Liking image id: 1237552608706178364
2016-04-27 12:02:57,856 [6] INFO InstaFollow.Scenario.Strategy.ExploreStrategy - Working on image: BEsq41pmCRT
2016-04-27 12:02:58,097 [6] INFO InstaFollow.Scenario.Strategy.ExploreStrategy - Liking image id: 1237552621470360659
2016-04-27 12:03:33,681 [6] INFO InstaFollow.Scenario.Strategy.ExploreStrategy - Working on image: BEsq4pwyi08
2016-04-27 12:03:47,169 [6] INFO InstaFollow.Scenario.Strategy.ExploreStrategy - Working on image: BEsq4u7E5Sf
2016-04-27 12:03:47,462 [6] INFO InstaFollow.Scenario.Strategy.ExploreStrategy - Liking image id: 1237552614247470239
2016-04-27 12:04:11,231 [6] INFO InstaFollow.Scenario.Strategy.ExploreStrategy - Working on image: BEsq4lzlVGy
2016-04-27 12:04:11,493 [6] INFO InstaFollow.Scenario.Strategy.ExploreStrategy - Liking image id: 1237552604458078642
2016-04-27 12:04:25,591 [6] INFO InstaFollow.Scenario.Strategy.ExploreStrategy - Working on image: BEsq3WJTV_n
2016-04-27 12:04:25,865 [6] INFO InstaFollow.Scenario.Strategy.ExploreStrategy - Following user id: 1382259950
2016-04-27 12:04:37,688 [6] INFO InstaFollow.Scenario.Strategy.ExploreStrategy - Liking image id: 1237552518923116519
2016-04-27 12:05:07,437 [6] INFO InstaFollow.Scenario.Strategy.ExploreStrategy - Working on image: BEspJaUKKIe
2016-04-27 12:05:07,651 [6] INFO InstaFollow.Scenario.Strategy.ExploreStrategy - Liking image id: 1237544964257784350
2016-04-27 12:05:28,580 [6] INFO InstaFollow.Scenario.Strategy.ExploreStrategy - Working on image: BEsq4GJEPzq
2016-04-27 12:05:29,003 [6] INFO InstaFollow.Scenario.Strategy.ExploreStrategy - Liking image id: 1237552570458766570
2016-04-27 12:05:56,389 [6] INFO InstaFollow.Scenario.Strategy.ExploreStrategy - Working on image: BEsq4Q5I9vr
2016-04-27 12:05:56,598 [6] INFO InstaFollow.Scenario.Strategy.ExploreStrategy - Liking image id: 1237552582002727915
2016-04-27 12:06:21,044 [6] INFO InstaFollow.Scenario.Strategy.ExploreStrategy - Working on image: BEsq4R8wxev
2016-04-27 12:06:21,266 [6] INFO InstaFollow.Scenario.Strategy.ExploreStrategy - Following user id: 1411999292
2016-04-27 12:06:27,837 [6] INFO InstaFollow.Scenario.Strategy.ExploreStrategy - Liking image id: 1237552583137236911
2016-04-27 12:06:50,376 [6] INFO InstaFollow.Scenario.Strategy.ExploreStrategy - Working on image: BEsq4NOhkrr
2016-04-27 12:06:50,596 [6] INFO InstaFollow.Scenario.Strategy.ExploreStrategy - Liking image id: 1237552578066533099
2016-04-27 12:07:05,826 [6] INFO InstaFollow.Scenario.Strategy.ExploreStrategy - Working on image: BEsq3-RyhXJ
2016-04-27 12:07:06,056 [6] INFO InstaFollow.Scenario.Strategy.ExploreStrategy - Liking image id: 1237552562015180233
2016-04-27 12:07:19,950 [6] INFO InstaFollow.Scenario.Strategy.ExploreStrategy - Working on image: BEsq4K7Qv-L
2016-04-27 12:07:20,176 [6] INFO InstaFollow.Scenario.Strategy.ExploreStrategy - Liking image id: 1237552575595872139
2016-04-27 12:07:46,779 [6] INFO InstaFollow.Scenario.Strategy.ExploreStrategy - Working on image: BEsq4G5s3-G
2016-04-27 12:07:46,999 [6] INFO InstaFollow.Scenario.Strategy.ExploreStrategy - Liking image id: 1237552571274723206
2016-04-27 12:08:19,887 [6] INFO InstaFollow.Scenario.Strategy.ExploreStrategy - Working on image: BEsq3-RyhXJ
2016-04-27 12:08:33,086 [6] INFO InstaFollow.Scenario.Strategy.ExploreStrategy - Working on image: BEsq4G3gRmP
2016-04-27 12:08:33,456 [6] INFO InstaFollow.Scenario.Strategy.ExploreStrategy - Liking image id: 1237552571237865871
2016-04-27 12:08:59,529 [6] INFO InstaFollow.Scenario.Strategy.ExploreStrategy - Working on image: BEsqyWdCGSp
2016-04-27 12:08:59,758 [6] INFO InstaFollow.Scenario.Strategy.ExploreStrategy - Following user id: 327950536
2016-04-27 12:09:09,889 [6] INFO InstaFollow.Scenario.Strategy.ExploreStrategy - Liking image id: 1237552175656756393
2016-04-27 12:09:28,815 [6] INFO InstaFollow.Scenario.Strategy.ExploreStrategy - Working on image: BEsq337O-r-
2016-04-27 12:09:29,067 [6] INFO InstaFollow.Scenario.Strategy.ExploreStrategy - Liking image id: 1237552555194313470
2016-04-27 12:09:52,252 [6] INFO InstaFollow.Scenario.Strategy.ExploreStrategy - Working on image: BEsq4FwDw2U
2016-04-27 12:09:52,565 [6] INFO InstaFollow.Scenario.Strategy.ExploreStrategy - Following user id: 390830962
2016-04-27 12:10:07,128 [6] INFO InstaFollow.Scenario.Strategy.ExploreStrategy - Liking image id: 1237552570039209364
2016-04-27 12:10:28,609 [6] INFO InstaFollow.Scenario.Strategy.ExploreStrategy - Working on image: BEsq4Dapykv
2016-04-27 12:10:28,923 [6] INFO InstaFollow.Scenario.Strategy.ExploreStrategy - Liking image id: 1237552567532595503
2016-04-27 12:10:55,827 [6] INFO InstaFollow.Scenario.Strategy.ExploreStrategy - Working on image: BEsq3LIzegO
2016-04-27 12:10:56,137 [6] INFO InstaFollow.Scenario.Strategy.ExploreStrategy - Liking image id: 1237552507103602702
2016-04-27 12:11:18,618 [6] INFO InstaFollow.Scenario.Strategy.ExploreStrategy - Working on image: BEsq36GlSZL
2016-04-27 12:11:19,191 [6] INFO InstaFollow.Scenario.Strategy.ExploreStrategy - Liking image id: 1237552557532194379
2016-04-27 12:11:41,369 [6] INFO InstaFollow.Scenario.Strategy.ExploreStrategy - Working on image: BEsq3uiDZiJ
2016-04-27 12:11:41,986 [6] INFO InstaFollow.Scenario.Strategy.ExploreStrategy - Liking image id: 1237552545108170889
2016-04-27 12:12:07,483 [6] INFO InstaFollow.Scenario.Strategy.ExploreStrategy - Working on image: BEsqrCCtU5Z
2016-04-27 12:12:07,757 [6] INFO InstaFollow.Scenario.Strategy.ExploreStrategy - Following user id: 1810983410
2016-04-27 12:12:17,418 [6] INFO InstaFollow.Scenario.Strategy.ExploreStrategy - Liking image id: 1237551672703929945
2016-04-27 12:12:42,633 [6] INFO InstaFollow.Scenario.Strategy.ExploreStrategy - Working on image: BEsq3kRB3zW
2016-04-27 12:12:42,863 [6] INFO InstaFollow.Scenario.Strategy.ExploreStrategy - Liking image id: 1237552534085139670
2016-04-27 12:13:04,281 [6] INFO InstaFollow.Scenario.Strategy.ExploreStrategy - Working on image: BEsVvA_tOgt
2016-04-27 12:13:04,587 [6] INFO InstaFollow.Scenario.Strategy.ExploreStrategy - Following user id: 354973385
2016-04-27 12:13:15,304 [6] INFO InstaFollow.Scenario.Strategy.ExploreStrategy - Liking image id: 1237459587481004077
2016-04-27 12:13:33,217 [6] INFO InstaFollow.Scenario.Strategy.ExploreStrategy - Stop request.
2016-04-27 13:03:43,319 [9] INFO InstaFollow.Library.Container.InstagramInstagramHttpContainer - Logging in user machine86
2016-04-27 13:03:45,029 [9] INFO InstaFollow.Library.Container.InstagramInstagramHttpContainer - {"status":"ok","authenticated":true,"user":"machine86"}
2016-04-27 13:03:45,050 [13] INFO InstaFollow.Scenario.Strategy.ExploreStrategy - Working on keyword: follow4follow
2016-04-27 13:03:46,709 [13] INFO InstaFollow.Scenario.Strategy.ExploreStrategy - Working on image: BEs4rmuney7
2016-04-27 13:03:47,458 [13] INFO InstaFollow.Scenario.Strategy.ExploreStrategy - Liking image id: 1237613284746456251
2016-04-27 13:04:06,595 [13] INFO InstaFollow.Scenario.Strategy.ExploreStrategy - Working on image: BD24H3gmRkk
2016-04-27 13:04:06,595 [13] INFO InstaFollow.Scenario.Strategy.ExploreStrategy - Stop request.
2016-04-27 13:05:43,203 [9] INFO InstaFollow.Library.Container.InstagramInstagramHttpContainer - Logging in user machine86
2016-04-27 13:05:44,116 [9] INFO InstaFollow.Library.Container.InstagramInstagramHttpContainer - {"status":"ok","authenticated":true,"user":"machine86"}
2016-04-27 13:05:44,130 [14] INFO InstaFollow.Scenario.Strategy.ExploreStrategy - Working on keyword: follow4follow
2016-04-27 13:05:45,327 [14] INFO InstaFollow.Scenario.Strategy.ExploreStrategy - Working on image: BEs43J9k4E3
2016-04-27 13:05:46,306 [14] INFO InstaFollow.Scenario.Strategy.ExploreStrategy - Liking image id: 1237614078492639543
2016-04-27 13:16:55,331 [8] INFO InstaFollow.Library.Container.InstagramInstagramHttpContainer - Logging in user asdff
2016-04-27 13:16:56,359 [8] INFO InstaFollow.Library.Container.InstagramInstagramHttpContainer - {"status":"ok","authenticated":false,"user":"asdff"}
2016-04-27 13:16:56,415 [8] ERROR InstaFollow.Scenario.Command.StartProcessCommand - An error occured during login!
2016-04-27 13:18:07,446 [9] INFO InstaFollow.Library.Container.InstagramInstagramHttpContainer - Logging in user machine86
2016-04-27 13:18:08,366 [9] INFO InstaFollow.Library.Container.InstagramInstagramHttpContainer - {"status":"ok","authenticated":true,"user":"machine86"}
2016-04-27 13:18:08,380 [14] INFO InstaFollow.Scenario.Strategy.ExploreStrategy - Working on keyword: follow4follow
2016-04-27 13:18:09,235 [14] INFO InstaFollow.Scenario.Strategy.ExploreStrategy - Working on image: BEFtLvQpjiE
2016-04-27 13:18:09,752 [14] INFO InstaFollow.Scenario.Strategy.ExploreStrategy - Liking image id: 1226585192280766596
2016-04-27 14:10:06,571 [1] INFO InstaFollow.Library.Container.InstagramInstagramHttpContainer - Logging in user machine86
2016-04-27 14:10:07,575 [1] INFO InstaFollow.Library.Container.InstagramInstagramHttpContainer - {"status":"ok","authenticated":true,"user":"machine86"}
2016-04-27 14:10:07,588 [6] INFO InstaFollow.Scenario.Strategy.ExploreStrategy - Working on keyword: follow4follow
2016-04-27 14:10:08,526 [6] INFO InstaFollow.Scenario.Strategy.ExploreStrategy - Working on image: BEtAR_ikDjx
2016-04-27 14:10:08,784 [6] INFO InstaFollow.Scenario.Strategy.ExploreStrategy - Following user id: 3086776037
2016-04-27 14:10:24,040 [6] INFO InstaFollow.Scenario.Strategy.ExploreStrategy - Liking image id: 1237646709053470961
2016-04-27 14:10:43,906 [6] INFO InstaFollow.Scenario.Strategy.ExploreStrategy - Working on image: BEtARRMwBBw
2016-04-27 14:10:44,212 [6] INFO InstaFollow.Scenario.Strategy.ExploreStrategy - Liking image id: 1237646659295383664
2016-04-27 14:10:55,940 [6] INFO InstaFollow.Scenario.Strategy.ExploreStrategy - Commenting image id: 1237646659295383664
2016-04-27 14:11:13,749 [6] INFO InstaFollow.Scenario.Strategy.ExploreStrategy - Working on image: BEtASAYlzRW
2016-04-27 14:11:13,969 [6] INFO InstaFollow.Scenario.Strategy.ExploreStrategy - Following user id: 3161916484
2016-04-27 14:11:27,070 [6] INFO InstaFollow.Scenario.Strategy.ExploreStrategy - Liking image id: 1237646709959898198
2016-04-27 14:11:51,098 [6] INFO InstaFollow.Scenario.Strategy.ExploreStrategy - Working on image: BEtARzaJweJ
2016-04-27 14:11:51,252 [6] ERROR InstaFollow.Library.Container.InstagramInstagramHttpContainer - Der Remoteserver hat einen Fehler zurückgegeben: (404) Nicht gefunden.
2016-04-27 14:11:51,253 [1] FATAL InstaFollow.Scenario.Command.StartProcessCommand - Der Remoteserver hat einen Fehler zurückgegeben: (404) Nicht gefunden.
2016-04-27 14:12:57,152 [1] INFO InstaFollow.Library.Container.InstagramInstagramHttpContainer - Logging in user machine86
2016-04-27 14:12:58,081 [1] INFO InstaFollow.Library.Container.InstagramInstagramHttpContainer - {"status":"ok","authenticated":true,"user":"machine86"}
2016-04-27 14:12:58,093 [6] INFO InstaFollow.Scenario.Strategy.ExploreStrategy - Working on keyword: follow4follow
2016-04-27 14:12:59,017 [6] INFO InstaFollow.Scenario.Strategy.ExploreStrategy - Working on image: BEtAmeZRyNc
2016-04-27 14:12:59,282 [6] INFO InstaFollow.Scenario.Strategy.ExploreStrategy - Liking image id: 1237648116573217628
2016-04-27 14:13:16,929 [6] INFO InstaFollow.Scenario.Strategy.ExploreStrategy - Working on image: BEtAmtMwKk1
2016-04-27 14:13:17,152 [6] INFO InstaFollow.Scenario.Strategy.ExploreStrategy - Liking image id: 1237648132469205301
2016-04-27 14:13:40,390 [6] INFO InstaFollow.Scenario.Strategy.ExploreStrategy - Working on image: BEtAmd5tStg
2016-04-27 14:13:40,617 [6] INFO InstaFollow.Scenario.Strategy.ExploreStrategy - Liking image id: 1237648116043557728
2016-04-27 14:13:51,986 [6] INFO InstaFollow.Scenario.Strategy.ExploreStrategy - Commenting image id: 1237648116043557728
2016-04-27 14:14:17,411 [6] INFO InstaFollow.Scenario.Strategy.ExploreStrategy - Working on image: BEtAmt0JtSI
2016-04-27 14:14:17,758 [6] INFO InstaFollow.Scenario.Strategy.ExploreStrategy - Liking image id: 1237648133130212488
2016-04-27 14:14:39,468 [6] INFO InstaFollow.Scenario.Strategy.ExploreStrategy - Working on image: BEtAmqHmqy3
2016-04-27 14:14:39,700 [6] INFO InstaFollow.Scenario.Strategy.ExploreStrategy - Following user id: 1673051706
2016-04-27 14:14:51,417 [6] INFO InstaFollow.Scenario.Strategy.ExploreStrategy - Liking image id: 1237648129161604279
2016-04-27 14:15:19,061 [6] INFO InstaFollow.Scenario.Strategy.ExploreStrategy - Working on image: BEtAmk2REb5
2016-04-27 14:15:19,315 [6] INFO InstaFollow.Scenario.Strategy.ExploreStrategy - Liking image id: 1237648123502020345
2016-04-27 14:15:38,886 [6] INFO InstaFollow.Scenario.Strategy.ExploreStrategy - Working on image: BEtAmb-Fdp9
2016-04-27 14:15:39,111 [6] INFO InstaFollow.Scenario.Strategy.ExploreStrategy - Following user id: 1532211397
2016-04-27 14:15:46,118 [6] INFO InstaFollow.Scenario.Strategy.ExploreStrategy - Liking image id: 1237648113969519229
2016-04-27 14:16:10,205 [6] INFO InstaFollow.Scenario.Strategy.ExploreStrategy - Working on image: BEtAmeDBBIn
2016-04-27 14:16:10,428 [6] INFO InstaFollow.Scenario.Strategy.ExploreStrategy - Liking image id: 1237648116199723559
2016-04-27 14:16:34,951 [6] INFO InstaFollow.Scenario.Strategy.ExploreStrategy - Working on image: BEtAmeBF_IV
2016-04-27 14:16:35,170 [6] INFO InstaFollow.Scenario.Strategy.ExploreStrategy - Liking image id: 1237648116167471637
2016-04-27 14:16:58,200 [6] INFO InstaFollow.Scenario.Strategy.ExploreStrategy - Working on image: BEtAmNCgO45
2016-04-27 14:16:58,433 [6] INFO InstaFollow.Scenario.Strategy.ExploreStrategy - Following user id: 46310058
2016-04-27 14:17:09,662 [6] INFO InstaFollow.Scenario.Strategy.ExploreStrategy - Liking image id: 1237648097937518137
2016-04-27 14:17:30,995 [6] INFO InstaFollow.Scenario.Strategy.ExploreStrategy - Working on image: BEtAmYXkUjZ
2016-04-27 14:17:31,255 [6] INFO InstaFollow.Scenario.Strategy.ExploreStrategy - Liking image id: 1237648110102071513
2016-04-27 14:17:53,597 [6] INFO InstaFollow.Scenario.Strategy.ExploreStrategy - Working on image: BEtAj5qLfkV
2016-04-27 14:17:53,835 [6] INFO InstaFollow.Scenario.Strategy.ExploreStrategy - Liking image id: 1237647939689380117
2016-04-27 14:18:05,734 [6] INFO InstaFollow.Scenario.Strategy.ExploreStrategy - Commenting image id: 1237647939689380117
2016-04-27 14:18:23,073 [6] INFO InstaFollow.Scenario.Strategy.ExploreStrategy - Working on image: BEtAbOWyw-W
2016-04-27 14:18:23,311 [6] INFO InstaFollow.Scenario.Strategy.ExploreStrategy - Liking image id: 1237647343437418390
2016-04-27 14:18:34,715 [6] INFO InstaFollow.Scenario.Strategy.ExploreStrategy - Commenting image id: 1237647343437418390
2016-04-27 14:19:01,609 [6] INFO InstaFollow.Scenario.Strategy.ExploreStrategy - Working on image: BEtAfzxsylI
2016-04-27 14:19:01,846 [6] INFO InstaFollow.Scenario.Strategy.ExploreStrategy - Liking image id: 1237647658495191368
2016-04-27 14:19:24,821 [6] INFO InstaFollow.Scenario.Strategy.ExploreStrategy - Working on image: BEtAh8zjD1k
2016-04-27 14:19:25,127 [6] INFO InstaFollow.Scenario.Strategy.ExploreStrategy - Liking image id: 1237647805628824932
2016-04-27 14:19:32,070 [6] INFO InstaFollow.Scenario.Strategy.ExploreStrategy - Commenting image id: 1237647805628824932
2016-04-27 14:19:57,354 [6] INFO InstaFollow.Scenario.Strategy.ExploreStrategy - Working on image: BEtAmMLI5WS
2016-04-27 14:19:57,856 [6] INFO InstaFollow.Scenario.Strategy.ExploreStrategy - Liking image id: 1237648097008653714
2016-04-27 14:20:23,286 [6] INFO InstaFollow.Scenario.Strategy.ExploreStrategy - Working on image: BEtAmAIASOW
2016-04-27 14:20:23,550 [6] INFO InstaFollow.Scenario.Strategy.ExploreStrategy - Following user id: 2202785071
2016-04-27 14:20:39,125 [6] INFO InstaFollow.Scenario.Strategy.ExploreStrategy - Liking image id: 1237648084071162774
2016-04-27 14:20:58,811 [6] INFO InstaFollow.Scenario.Strategy.ExploreStrategy - Working on image: BEtAl_4BH1N
2016-04-27 14:20:59,920 [6] INFO InstaFollow.Scenario.Strategy.ExploreStrategy - Liking image id: 1237648083802946893
2016-04-27 14:21:09,003 [6] INFO InstaFollow.Scenario.Strategy.ExploreStrategy - Commenting image id: 1237648083802946893
2016-04-27 14:21:36,381 [6] INFO InstaFollow.Scenario.Strategy.ExploreStrategy - Working on image: BEtAmGtSwdc
2016-04-27 14:21:36,785 [6] INFO InstaFollow.Scenario.Strategy.ExploreStrategy - Liking image id: 1237648091139213148
2016-04-27 14:22:05,037 [6] INFO InstaFollow.Scenario.Strategy.ExploreStrategy - Working on image: BEtAmHeTLmb
2016-04-27 14:22:05,359 [6] INFO InstaFollow.Scenario.Strategy.ExploreStrategy - Liking image id: 1237648091961407899
2016-04-27 14:22:24,394 [6] INFO InstaFollow.Scenario.Strategy.ExploreStrategy - Working on image: BEtAmCFyOal
2016-04-27 14:22:24,704 [6] INFO InstaFollow.Scenario.Strategy.ExploreStrategy - Following user id: 974354664
2016-04-27 14:22:38,166 [6] INFO InstaFollow.Scenario.Strategy.ExploreStrategy - Liking image id: 1237648086181406373
2016-04-27 14:22:59,884 [6] INFO InstaFollow.Scenario.Strategy.ExploreStrategy - Working on image: BEtAmKvjrXt
2016-04-27 14:23:00,805 [6] INFO InstaFollow.Scenario.Strategy.ExploreStrategy - Liking image id: 1237648095472170477
2016-04-27 14:23:28,485 [6] INFO InstaFollow.Scenario.Strategy.ExploreStrategy - Working on image: BEtAi23CR2p
2016-04-27 14:23:29,035 [6] INFO InstaFollow.Scenario.Strategy.ExploreStrategy - Liking image id: 1237647867964366249
2016-04-27 14:23:47,113 [6] INFO InstaFollow.Scenario.Strategy.ExploreStrategy - Working on image: BEtAmAxsbK5
2016-04-27 14:23:47,611 [6] INFO InstaFollow.Scenario.Strategy.ExploreStrategy - Liking image id: 1237648084770599609
2016-04-27 14:23:56,530 [6] INFO InstaFollow.Scenario.Strategy.ExploreStrategy - Commenting image id: 1237648084770599609
2016-04-27 14:23:57,097 [6] ERROR InstaFollow.Library.Container.InstagramInstagramHttpContainer - Der Remoteserver hat einen Fehler zurückgegeben: (400) Ungültige Anforderung.
2016-04-27 14:23:57,421 [1] FATAL InstaFollow.Scenario.Command.StartProcessCommand - Der aufrufende Thread kann nicht auf dieses Objekt zugreifen, da sich das Objekt im Besitz eines anderen Threads befindet.
